ARM GAS  /tmp/cc2Q3qFO.s 			page 1


   1              		.cpu cortex-m4
   2              		.eabi_attribute 27, 1
   3              		.eabi_attribute 28, 1
   4              		.eabi_attribute 20, 1
   5              		.eabi_attribute 21, 1
   6              		.eabi_attribute 23, 3
   7              		.eabi_attribute 24, 1
   8              		.eabi_attribute 25, 1
   9              		.eabi_attribute 26, 1
  10              		.eabi_attribute 30, 1
  11              		.eabi_attribute 34, 1
  12              		.eabi_attribute 18, 4
  13              		.file	"gpio.c"
  14              		.text
  15              	.Ltext0:
  16              		.cfi_sections	.debug_frame
  17              		.section	.text.MX_GPIO_Init,"ax",%progbits
  18              		.align	1
  19              		.global	MX_GPIO_Init
  20              		.syntax unified
  21              		.thumb
  22              		.thumb_func
  23              		.fpu fpv4-sp-d16
  25              	MX_GPIO_Init:
  26              	.LFB124:
  27              		.file 1 "Src/gpio.c"
   1:Src/gpio.c    **** /**
   2:Src/gpio.c    ****   ******************************************************************************
   3:Src/gpio.c    ****   * File Name          : gpio.c
   4:Src/gpio.c    ****   * Description        : This file provides code for the configuration
   5:Src/gpio.c    ****   *                      of all used GPIO pins.
   6:Src/gpio.c    ****   ******************************************************************************
   7:Src/gpio.c    ****   ** This notice applies to any and all portions of this file
   8:Src/gpio.c    ****   * that are not between comment pairs USER CODE BEGIN and
   9:Src/gpio.c    ****   * USER CODE END. Other portions of this file, whether 
  10:Src/gpio.c    ****   * inserted by the user or by software development tools
  11:Src/gpio.c    ****   * are owned by their respective copyright owners.
  12:Src/gpio.c    ****   *
  13:Src/gpio.c    ****   * COPYRIGHT(c) 2017 STMicroelectronics
  14:Src/gpio.c    ****   *
  15:Src/gpio.c    ****   * Redistribution and use in source and binary forms, with or without modification,
  16:Src/gpio.c    ****   * are permitted provided that the following conditions are met:
  17:Src/gpio.c    ****   *   1. Redistributions of source code must retain the above copyright notice,
  18:Src/gpio.c    ****   *      this list of conditions and the following disclaimer.
  19:Src/gpio.c    ****   *   2. Redistributions in binary form must reproduce the above copyright notice,
  20:Src/gpio.c    ****   *      this list of conditions and the following disclaimer in the documentation
  21:Src/gpio.c    ****   *      and/or other materials provided with the distribution.
  22:Src/gpio.c    ****   *   3. Neither the name of STMicroelectronics nor the names of its contributors
  23:Src/gpio.c    ****   *      may be used to endorse or promote products derived from this software
  24:Src/gpio.c    ****   *      without specific prior written permission.
  25:Src/gpio.c    ****   *
  26:Src/gpio.c    ****   * THIS SOFTWARE IS PROVIDED BY THE COPYRIGHT HOLDERS AND CONTRIBUTORS "AS IS"
  27:Src/gpio.c    ****   * AND ANY EXPRESS OR IMPLIED WARRANTIES, INCLUDING, BUT NOT LIMITED TO, THE
  28:Src/gpio.c    ****   * IMPLIED WARRANTIES OF MERCHANTABILITY AND FITNESS FOR A PARTICULAR PURPOSE ARE
  29:Src/gpio.c    ****   * DISCLAIMED. IN NO EVENT SHALL THE COPYRIGHT HOLDER OR CONTRIBUTORS BE LIABLE
  30:Src/gpio.c    ****   * FOR ANY DIRECT, INDIRECT, INCIDENTAL, SPECIAL, EXEMPLARY, OR CONSEQUENTIAL
  31:Src/gpio.c    ****   * DAMAGES (INCLUDING, BUT NOT LIMITED TO, PROCUREMENT OF SUBSTITUTE GOODS OR
ARM GAS  /tmp/cc2Q3qFO.s 			page 2


  32:Src/gpio.c    ****   * SERVICES; LOSS OF USE, DATA, OR PROFITS; OR BUSINESS INTERRUPTION) HOWEVER
  33:Src/gpio.c    ****   * CAUSED AND ON ANY THEORY OF LIABILITY, WHETHER IN CONTRACT, STRICT LIABILITY,
  34:Src/gpio.c    ****   * OR TORT (INCLUDING NEGLIGENCE OR OTHERWISE) ARISING IN ANY WAY OUT OF THE USE
  35:Src/gpio.c    ****   * OF THIS SOFTWARE, EVEN IF ADVISED OF THE POSSIBILITY OF SUCH DAMAGE.
  36:Src/gpio.c    ****   *
  37:Src/gpio.c    ****   ******************************************************************************
  38:Src/gpio.c    ****   */
  39:Src/gpio.c    **** 
  40:Src/gpio.c    **** /* Includes ------------------------------------------------------------------*/
  41:Src/gpio.c    **** #include "gpio.h"
  42:Src/gpio.c    **** /* USER CODE BEGIN 0 */
  43:Src/gpio.c    **** 
  44:Src/gpio.c    **** /* USER CODE END 0 */
  45:Src/gpio.c    **** 
  46:Src/gpio.c    **** /*----------------------------------------------------------------------------*/
  47:Src/gpio.c    **** /* Configure GPIO                                                             */
  48:Src/gpio.c    **** /*----------------------------------------------------------------------------*/
  49:Src/gpio.c    **** /* USER CODE BEGIN 1 */
  50:Src/gpio.c    **** 
  51:Src/gpio.c    **** /* USER CODE END 1 */
  52:Src/gpio.c    **** 
  53:Src/gpio.c    **** /** Configure pins as 
  54:Src/gpio.c    ****         * Analog 
  55:Src/gpio.c    ****         * Input 
  56:Src/gpio.c    ****         * Output
  57:Src/gpio.c    ****         * EVENT_OUT
  58:Src/gpio.c    ****         * EXTI
  59:Src/gpio.c    ****         * Free pins are configured automatically as Analog (this feature is enabled through 
  60:Src/gpio.c    ****         * the Code Generation settings)
  61:Src/gpio.c    **** */
  62:Src/gpio.c    **** void MX_GPIO_Init(void)
  63:Src/gpio.c    **** {
  28              		.loc 1 63 0
  29              		.cfi_startproc
  30              		@ args = 0, pretend = 0, frame = 32
  31              		@ frame_needed = 0, uses_anonymous_args = 0
  32 0000 30B5     		push	{r4, r5, lr}
  33              	.LCFI0:
  34              		.cfi_def_cfa_offset 12
  35              		.cfi_offset 4, -12
  36              		.cfi_offset 5, -8
  37              		.cfi_offset 14, -4
  38 0002 89B0     		sub	sp, sp, #36
  39              	.LCFI1:
  40              		.cfi_def_cfa_offset 48
  41              	.LBB2:
  64:Src/gpio.c    **** 
  65:Src/gpio.c    ****   GPIO_InitTypeDef GPIO_InitStruct;
  66:Src/gpio.c    **** 
  67:Src/gpio.c    ****   /* GPIO Ports Clock Enable */
  68:Src/gpio.c    ****   __HAL_RCC_GPIOF_CLK_ENABLE();
  42              		.loc 1 68 0
  43 0004 184B     		ldr	r3, .L3
  44 0006 5A69     		ldr	r2, [r3, #20]
  45 0008 42F48002 		orr	r2, r2, #4194304
  46 000c 5A61     		str	r2, [r3, #20]
  47 000e 5A69     		ldr	r2, [r3, #20]
ARM GAS  /tmp/cc2Q3qFO.s 			page 3


  48 0010 02F48002 		and	r2, r2, #4194304
  49 0014 0092     		str	r2, [sp]
  50 0016 009A     		ldr	r2, [sp]
  51              	.LBE2:
  52              	.LBB3:
  69:Src/gpio.c    ****   __HAL_RCC_GPIOA_CLK_ENABLE();
  53              		.loc 1 69 0
  54 0018 5A69     		ldr	r2, [r3, #20]
  55 001a 42F40032 		orr	r2, r2, #131072
  56 001e 5A61     		str	r2, [r3, #20]
  57 0020 5A69     		ldr	r2, [r3, #20]
  58 0022 02F40032 		and	r2, r2, #131072
  59 0026 0192     		str	r2, [sp, #4]
  60 0028 019A     		ldr	r2, [sp, #4]
  61              	.LBE3:
  62              	.LBB4:
  70:Src/gpio.c    ****   __HAL_RCC_GPIOB_CLK_ENABLE();
  63              		.loc 1 70 0
  64 002a 5A69     		ldr	r2, [r3, #20]
  65 002c 42F48022 		orr	r2, r2, #262144
  66 0030 5A61     		str	r2, [r3, #20]
  67 0032 5B69     		ldr	r3, [r3, #20]
  68 0034 03F48023 		and	r3, r3, #262144
  69 0038 0293     		str	r3, [sp, #8]
  70 003a 029B     		ldr	r3, [sp, #8]
  71              	.LBE4:
  71:Src/gpio.c    **** 
  72:Src/gpio.c    ****   /*Configure GPIO pins : PA0 PA1 PA2 PA3 
  73:Src/gpio.c    ****                            PA4 PA5 PA6 PA7 
  74:Src/gpio.c    ****                            PA8 PA11 PA12 PA13 
  75:Src/gpio.c    ****                            PA14 PA15 */
  76:Src/gpio.c    ****   GPIO_InitStruct.Pin = GPIO_PIN_0|GPIO_PIN_1|GPIO_PIN_2|GPIO_PIN_3 
  72              		.loc 1 76 0
  73 003c 4FF6FF13 		movw	r3, #63999
  74 0040 0393     		str	r3, [sp, #12]
  77:Src/gpio.c    ****                           |GPIO_PIN_4|GPIO_PIN_5|GPIO_PIN_6|GPIO_PIN_7 
  78:Src/gpio.c    ****                           |GPIO_PIN_8|GPIO_PIN_11|GPIO_PIN_12|GPIO_PIN_13 
  79:Src/gpio.c    ****                           |GPIO_PIN_14|GPIO_PIN_15;
  80:Src/gpio.c    ****   GPIO_InitStruct.Mode = GPIO_MODE_ANALOG;
  75              		.loc 1 80 0
  76 0042 0325     		movs	r5, #3
  77 0044 0495     		str	r5, [sp, #16]
  81:Src/gpio.c    ****   GPIO_InitStruct.Pull = GPIO_NOPULL;
  78              		.loc 1 81 0
  79 0046 0024     		movs	r4, #0
  80 0048 0594     		str	r4, [sp, #20]
  82:Src/gpio.c    ****   HAL_GPIO_Init(GPIOA, &GPIO_InitStruct);
  81              		.loc 1 82 0
  82 004a 03A9     		add	r1, sp, #12
  83 004c 4FF09040 		mov	r0, #1207959552
  84 0050 FFF7FEFF 		bl	HAL_GPIO_Init
  85              	.LVL0:
  83:Src/gpio.c    **** 
  84:Src/gpio.c    ****   /*Configure GPIO pins : PB0 PB1 PB3 PB4 
  85:Src/gpio.c    ****                            PB5 PB6 PB7 */
  86:Src/gpio.c    ****   GPIO_InitStruct.Pin = GPIO_PIN_0|GPIO_PIN_1|GPIO_PIN_3|GPIO_PIN_4 
  86              		.loc 1 86 0
ARM GAS  /tmp/cc2Q3qFO.s 			page 4


  87 0054 FB23     		movs	r3, #251
  88 0056 0393     		str	r3, [sp, #12]
  87:Src/gpio.c    ****                           |GPIO_PIN_5|GPIO_PIN_6|GPIO_PIN_7;
  88:Src/gpio.c    ****   GPIO_InitStruct.Mode = GPIO_MODE_ANALOG;
  89              		.loc 1 88 0
  90 0058 0495     		str	r5, [sp, #16]
  89:Src/gpio.c    ****   GPIO_InitStruct.Pull = GPIO_NOPULL;
  91              		.loc 1 89 0
  92 005a 0594     		str	r4, [sp, #20]
  90:Src/gpio.c    ****   HAL_GPIO_Init(GPIOB, &GPIO_InitStruct);
  93              		.loc 1 90 0
  94 005c 03A9     		add	r1, sp, #12
  95 005e 0348     		ldr	r0, .L3+4
  96 0060 FFF7FEFF 		bl	HAL_GPIO_Init
  97              	.LVL1:
  91:Src/gpio.c    **** 
  92:Src/gpio.c    **** }
  98              		.loc 1 92 0
  99 0064 09B0     		add	sp, sp, #36
 100              	.LCFI2:
 101              		.cfi_def_cfa_offset 12
 102              		@ sp needed
 103 0066 30BD     		pop	{r4, r5, pc}
 104              	.L4:
 105              		.align	2
 106              	.L3:
 107 0068 00100240 		.word	1073876992
 108 006c 00040048 		.word	1207960576
 109              		.cfi_endproc
 110              	.LFE124:
 112              		.text
 113              	.Letext0:
 114              		.file 2 "/home/venturus/gcc-arm-none-eabi-6-2017-q2-update/arm-none-eabi/include/machine/_default_
 115              		.file 3 "/home/venturus/gcc-arm-none-eabi-6-2017-q2-update/arm-none-eabi/include/sys/_stdint.h"
 116              		.file 4 "Drivers/CMSIS/Include/core_cm4.h"
 117              		.file 5 "Drivers/CMSIS/Device/ST/STM32F3xx/Include/system_stm32f3xx.h"
 118              		.file 6 "Drivers/CMSIS/Device/ST/STM32F3xx/Include/stm32f334x8.h"
 119              		.file 7 "/home/venturus/gcc-arm-none-eabi-6-2017-q2-update/arm-none-eabi/include/sys/lock.h"
 120              		.file 8 "/home/venturus/gcc-arm-none-eabi-6-2017-q2-update/arm-none-eabi/include/sys/_types.h"
 121              		.file 9 "/home/venturus/gcc-arm-none-eabi-6-2017-q2-update/lib/gcc/arm-none-eabi/6.3.1/include/std
 122              		.file 10 "/home/venturus/gcc-arm-none-eabi-6-2017-q2-update/arm-none-eabi/include/sys/reent.h"
 123              		.file 11 "Drivers/STM32F3xx_HAL_Driver/Inc/stm32f3xx_hal_gpio.h"
ARM GAS  /tmp/cc2Q3qFO.s 			page 5


DEFINED SYMBOLS
                            *ABS*:0000000000000000 gpio.c
     /tmp/cc2Q3qFO.s:18     .text.MX_GPIO_Init:0000000000000000 $t
     /tmp/cc2Q3qFO.s:25     .text.MX_GPIO_Init:0000000000000000 MX_GPIO_Init
     /tmp/cc2Q3qFO.s:107    .text.MX_GPIO_Init:0000000000000068 $d
                     .debug_frame:0000000000000010 $d

UNDEFINED SYMBOLS
HAL_GPIO_Init
