ARM GAS  /tmp/cc3OdGku.s 			page 1


   1              		.cpu cortex-m4
   2              		.eabi_attribute 27, 1
   3              		.eabi_attribute 28, 1
   4              		.eabi_attribute 20, 1
   5              		.eabi_attribute 21, 1
   6              		.eabi_attribute 23, 3
   7              		.eabi_attribute 24, 1
   8              		.eabi_attribute 25, 1
   9              		.eabi_attribute 26, 1
  10              		.eabi_attribute 30, 1
  11              		.eabi_attribute 34, 1
  12              		.eabi_attribute 18, 4
  13              		.file	"stm32f3xx_hal.c"
  14              		.text
  15              	.Ltext0:
  16              		.cfi_sections	.debug_frame
  17              		.section	.text.HAL_MspInit,"ax",%progbits
  18              		.align	1
  19              		.weak	HAL_MspInit
  20              		.syntax unified
  21              		.thumb
  22              		.thumb_func
  23              		.fpu fpv4-sp-d16
  25              	HAL_MspInit:
  26              	.LFB126:
  27              		.file 1 "Drivers/STM32F3xx_HAL_Driver/Src/stm32f3xx_hal.c"
   1:Drivers/STM32F3xx_HAL_Driver/Src/stm32f3xx_hal.c **** /**
   2:Drivers/STM32F3xx_HAL_Driver/Src/stm32f3xx_hal.c ****   ******************************************************************************
   3:Drivers/STM32F3xx_HAL_Driver/Src/stm32f3xx_hal.c ****   * @file    stm32f3xx_hal.c
   4:Drivers/STM32F3xx_HAL_Driver/Src/stm32f3xx_hal.c ****   * @author  MCD Application Team
   5:Drivers/STM32F3xx_HAL_Driver/Src/stm32f3xx_hal.c ****   * @brief   HAL module driver.
   6:Drivers/STM32F3xx_HAL_Driver/Src/stm32f3xx_hal.c ****   *          This is the common part of the HAL initialization
   7:Drivers/STM32F3xx_HAL_Driver/Src/stm32f3xx_hal.c ****   *
   8:Drivers/STM32F3xx_HAL_Driver/Src/stm32f3xx_hal.c ****   @verbatim
   9:Drivers/STM32F3xx_HAL_Driver/Src/stm32f3xx_hal.c ****   ==============================================================================
  10:Drivers/STM32F3xx_HAL_Driver/Src/stm32f3xx_hal.c ****                      ##### How to use this driver #####
  11:Drivers/STM32F3xx_HAL_Driver/Src/stm32f3xx_hal.c ****   ==============================================================================
  12:Drivers/STM32F3xx_HAL_Driver/Src/stm32f3xx_hal.c ****     [..]
  13:Drivers/STM32F3xx_HAL_Driver/Src/stm32f3xx_hal.c ****     The common HAL driver contains a set of generic and common APIs that can be
  14:Drivers/STM32F3xx_HAL_Driver/Src/stm32f3xx_hal.c ****     used by the PPP peripheral drivers and the user to start using the HAL.
  15:Drivers/STM32F3xx_HAL_Driver/Src/stm32f3xx_hal.c ****     [..]
  16:Drivers/STM32F3xx_HAL_Driver/Src/stm32f3xx_hal.c ****     The HAL contains two APIs categories:
  17:Drivers/STM32F3xx_HAL_Driver/Src/stm32f3xx_hal.c ****          (+) HAL Initialization and de-initialization functions
  18:Drivers/STM32F3xx_HAL_Driver/Src/stm32f3xx_hal.c ****          (+) HAL Control functions
  19:Drivers/STM32F3xx_HAL_Driver/Src/stm32f3xx_hal.c **** 
  20:Drivers/STM32F3xx_HAL_Driver/Src/stm32f3xx_hal.c ****   @endverbatim
  21:Drivers/STM32F3xx_HAL_Driver/Src/stm32f3xx_hal.c ****   ******************************************************************************
  22:Drivers/STM32F3xx_HAL_Driver/Src/stm32f3xx_hal.c ****   * @attention
  23:Drivers/STM32F3xx_HAL_Driver/Src/stm32f3xx_hal.c ****   *
  24:Drivers/STM32F3xx_HAL_Driver/Src/stm32f3xx_hal.c ****   * <h2><center>&copy; COPYRIGHT(c) 2016 STMicroelectronics</center></h2>
  25:Drivers/STM32F3xx_HAL_Driver/Src/stm32f3xx_hal.c ****   *
  26:Drivers/STM32F3xx_HAL_Driver/Src/stm32f3xx_hal.c ****   * Redistribution and use in source and binary forms, with or without modification,
  27:Drivers/STM32F3xx_HAL_Driver/Src/stm32f3xx_hal.c ****   * are permitted provided that the following conditions are met:
  28:Drivers/STM32F3xx_HAL_Driver/Src/stm32f3xx_hal.c ****   *   1. Redistributions of source code must retain the above copyright notice,
  29:Drivers/STM32F3xx_HAL_Driver/Src/stm32f3xx_hal.c ****   *      this list of conditions and the following disclaimer.
  30:Drivers/STM32F3xx_HAL_Driver/Src/stm32f3xx_hal.c ****   *   2. Redistributions in binary form must reproduce the above copyright notice,
  31:Drivers/STM32F3xx_HAL_Driver/Src/stm32f3xx_hal.c ****   *      this list of conditions and the following disclaimer in the documentation
ARM GAS  /tmp/cc3OdGku.s 			page 2


  32:Drivers/STM32F3xx_HAL_Driver/Src/stm32f3xx_hal.c ****   *      and/or other materials provided with the distribution.
  33:Drivers/STM32F3xx_HAL_Driver/Src/stm32f3xx_hal.c ****   *   3. Neither the name of STMicroelectronics nor the names of its contributors
  34:Drivers/STM32F3xx_HAL_Driver/Src/stm32f3xx_hal.c ****   *      may be used to endorse or promote products derived from this software
  35:Drivers/STM32F3xx_HAL_Driver/Src/stm32f3xx_hal.c ****   *      without specific prior written permission.
  36:Drivers/STM32F3xx_HAL_Driver/Src/stm32f3xx_hal.c ****   *
  37:Drivers/STM32F3xx_HAL_Driver/Src/stm32f3xx_hal.c ****   * THIS SOFTWARE IS PROVIDED BY THE COPYRIGHT HOLDERS AND CONTRIBUTORS "AS IS"
  38:Drivers/STM32F3xx_HAL_Driver/Src/stm32f3xx_hal.c ****   * AND ANY EXPRESS OR IMPLIED WARRANTIES, INCLUDING, BUT NOT LIMITED TO, THE
  39:Drivers/STM32F3xx_HAL_Driver/Src/stm32f3xx_hal.c ****   * IMPLIED WARRANTIES OF MERCHANTABILITY AND FITNESS FOR A PARTICULAR PURPOSE ARE
  40:Drivers/STM32F3xx_HAL_Driver/Src/stm32f3xx_hal.c ****   * DISCLAIMED. IN NO EVENT SHALL THE COPYRIGHT HOLDER OR CONTRIBUTORS BE LIABLE
  41:Drivers/STM32F3xx_HAL_Driver/Src/stm32f3xx_hal.c ****   * FOR ANY DIRECT, INDIRECT, INCIDENTAL, SPECIAL, EXEMPLARY, OR CONSEQUENTIAL
  42:Drivers/STM32F3xx_HAL_Driver/Src/stm32f3xx_hal.c ****   * DAMAGES (INCLUDING, BUT NOT LIMITED TO, PROCUREMENT OF SUBSTITUTE GOODS OR
  43:Drivers/STM32F3xx_HAL_Driver/Src/stm32f3xx_hal.c ****   * SERVICES; LOSS OF USE, DATA, OR PROFITS; OR BUSINESS INTERRUPTION) HOWEVER
  44:Drivers/STM32F3xx_HAL_Driver/Src/stm32f3xx_hal.c ****   * CAUSED AND ON ANY THEORY OF LIABILITY, WHETHER IN CONTRACT, STRICT LIABILITY,
  45:Drivers/STM32F3xx_HAL_Driver/Src/stm32f3xx_hal.c ****   * OR TORT (INCLUDING NEGLIGENCE OR OTHERWISE) ARISING IN ANY WAY OUT OF THE USE
  46:Drivers/STM32F3xx_HAL_Driver/Src/stm32f3xx_hal.c ****   * OF THIS SOFTWARE, EVEN IF ADVISED OF THE POSSIBILITY OF SUCH DAMAGE.
  47:Drivers/STM32F3xx_HAL_Driver/Src/stm32f3xx_hal.c ****   *
  48:Drivers/STM32F3xx_HAL_Driver/Src/stm32f3xx_hal.c ****   ******************************************************************************  
  49:Drivers/STM32F3xx_HAL_Driver/Src/stm32f3xx_hal.c ****   */
  50:Drivers/STM32F3xx_HAL_Driver/Src/stm32f3xx_hal.c **** 
  51:Drivers/STM32F3xx_HAL_Driver/Src/stm32f3xx_hal.c **** /* Includes ------------------------------------------------------------------*/
  52:Drivers/STM32F3xx_HAL_Driver/Src/stm32f3xx_hal.c **** #include "stm32f3xx_hal.h"
  53:Drivers/STM32F3xx_HAL_Driver/Src/stm32f3xx_hal.c **** 
  54:Drivers/STM32F3xx_HAL_Driver/Src/stm32f3xx_hal.c **** /** @addtogroup STM32F3xx_HAL_Driver
  55:Drivers/STM32F3xx_HAL_Driver/Src/stm32f3xx_hal.c ****   * @{
  56:Drivers/STM32F3xx_HAL_Driver/Src/stm32f3xx_hal.c ****   */
  57:Drivers/STM32F3xx_HAL_Driver/Src/stm32f3xx_hal.c **** 
  58:Drivers/STM32F3xx_HAL_Driver/Src/stm32f3xx_hal.c **** /** @defgroup HAL HAL
  59:Drivers/STM32F3xx_HAL_Driver/Src/stm32f3xx_hal.c ****   * @brief HAL module driver.
  60:Drivers/STM32F3xx_HAL_Driver/Src/stm32f3xx_hal.c ****   * @{
  61:Drivers/STM32F3xx_HAL_Driver/Src/stm32f3xx_hal.c ****   */
  62:Drivers/STM32F3xx_HAL_Driver/Src/stm32f3xx_hal.c **** 
  63:Drivers/STM32F3xx_HAL_Driver/Src/stm32f3xx_hal.c **** #ifdef HAL_MODULE_ENABLED
  64:Drivers/STM32F3xx_HAL_Driver/Src/stm32f3xx_hal.c **** 
  65:Drivers/STM32F3xx_HAL_Driver/Src/stm32f3xx_hal.c **** /* Private typedef -----------------------------------------------------------*/
  66:Drivers/STM32F3xx_HAL_Driver/Src/stm32f3xx_hal.c **** /* Private define ------------------------------------------------------------*/
  67:Drivers/STM32F3xx_HAL_Driver/Src/stm32f3xx_hal.c **** /** @defgroup HAL_Private Constants
  68:Drivers/STM32F3xx_HAL_Driver/Src/stm32f3xx_hal.c ****   * @{
  69:Drivers/STM32F3xx_HAL_Driver/Src/stm32f3xx_hal.c ****   */
  70:Drivers/STM32F3xx_HAL_Driver/Src/stm32f3xx_hal.c **** /**
  71:Drivers/STM32F3xx_HAL_Driver/Src/stm32f3xx_hal.c ****  * @brief STM32F3xx HAL Driver version number V1.5.0
  72:Drivers/STM32F3xx_HAL_Driver/Src/stm32f3xx_hal.c ****    */
  73:Drivers/STM32F3xx_HAL_Driver/Src/stm32f3xx_hal.c **** #define __STM32F3xx_HAL_VERSION_MAIN   (0x01U) /*!< [31:24] main version */
  74:Drivers/STM32F3xx_HAL_Driver/Src/stm32f3xx_hal.c **** #define __STM32F3xx_HAL_VERSION_SUB1   (0x05U) /*!< [23:16] sub1 version */
  75:Drivers/STM32F3xx_HAL_Driver/Src/stm32f3xx_hal.c **** #define __STM32F3xx_HAL_VERSION_SUB2   (0x00U) /*!< [15:8]  sub2 version */
  76:Drivers/STM32F3xx_HAL_Driver/Src/stm32f3xx_hal.c **** #define __STM32F3xx_HAL_VERSION_RC     (0x00U) /*!< [7:0]  release candidate */
  77:Drivers/STM32F3xx_HAL_Driver/Src/stm32f3xx_hal.c **** #define __STM32F3xx_HAL_VERSION         ((__STM32F3xx_HAL_VERSION_MAIN << 24U)\
  78:Drivers/STM32F3xx_HAL_Driver/Src/stm32f3xx_hal.c ****                                         |(__STM32F3xx_HAL_VERSION_SUB1 << 16U)\
  79:Drivers/STM32F3xx_HAL_Driver/Src/stm32f3xx_hal.c ****                                         |(__STM32F3xx_HAL_VERSION_SUB2 << 8U )\
  80:Drivers/STM32F3xx_HAL_Driver/Src/stm32f3xx_hal.c ****                                         |(__STM32F3xx_HAL_VERSION_RC))
  81:Drivers/STM32F3xx_HAL_Driver/Src/stm32f3xx_hal.c **** 
  82:Drivers/STM32F3xx_HAL_Driver/Src/stm32f3xx_hal.c **** #define IDCODE_DEVID_MASK    (0x00000FFFU)
  83:Drivers/STM32F3xx_HAL_Driver/Src/stm32f3xx_hal.c **** /**
  84:Drivers/STM32F3xx_HAL_Driver/Src/stm32f3xx_hal.c ****   * @}
  85:Drivers/STM32F3xx_HAL_Driver/Src/stm32f3xx_hal.c ****   */
  86:Drivers/STM32F3xx_HAL_Driver/Src/stm32f3xx_hal.c ****   
  87:Drivers/STM32F3xx_HAL_Driver/Src/stm32f3xx_hal.c **** /* Private macro -------------------------------------------------------------*/
  88:Drivers/STM32F3xx_HAL_Driver/Src/stm32f3xx_hal.c **** /* Private variables ---------------------------------------------------------*/
ARM GAS  /tmp/cc3OdGku.s 			page 3


  89:Drivers/STM32F3xx_HAL_Driver/Src/stm32f3xx_hal.c **** /** @defgroup HAL_Private_Variables HAL Private Variables
  90:Drivers/STM32F3xx_HAL_Driver/Src/stm32f3xx_hal.c ****   * @{
  91:Drivers/STM32F3xx_HAL_Driver/Src/stm32f3xx_hal.c ****   */
  92:Drivers/STM32F3xx_HAL_Driver/Src/stm32f3xx_hal.c **** __IO uint32_t uwTick;
  93:Drivers/STM32F3xx_HAL_Driver/Src/stm32f3xx_hal.c **** /**
  94:Drivers/STM32F3xx_HAL_Driver/Src/stm32f3xx_hal.c ****   * @}
  95:Drivers/STM32F3xx_HAL_Driver/Src/stm32f3xx_hal.c ****   */
  96:Drivers/STM32F3xx_HAL_Driver/Src/stm32f3xx_hal.c **** /* Private function prototypes -----------------------------------------------*/
  97:Drivers/STM32F3xx_HAL_Driver/Src/stm32f3xx_hal.c **** /* Exported functions ---------------------------------------------------------*/
  98:Drivers/STM32F3xx_HAL_Driver/Src/stm32f3xx_hal.c **** 
  99:Drivers/STM32F3xx_HAL_Driver/Src/stm32f3xx_hal.c **** /** @defgroup HAL_Exported_Functions HAL Exported Functions
 100:Drivers/STM32F3xx_HAL_Driver/Src/stm32f3xx_hal.c ****   * @{
 101:Drivers/STM32F3xx_HAL_Driver/Src/stm32f3xx_hal.c ****   */
 102:Drivers/STM32F3xx_HAL_Driver/Src/stm32f3xx_hal.c **** 
 103:Drivers/STM32F3xx_HAL_Driver/Src/stm32f3xx_hal.c **** /** @defgroup HAL_Exported_Functions_Group1 Initialization and de-initialization Functions 
 104:Drivers/STM32F3xx_HAL_Driver/Src/stm32f3xx_hal.c ****  *  @brief    Initialization and de-initialization functions
 105:Drivers/STM32F3xx_HAL_Driver/Src/stm32f3xx_hal.c ****  *
 106:Drivers/STM32F3xx_HAL_Driver/Src/stm32f3xx_hal.c **** @verbatim
 107:Drivers/STM32F3xx_HAL_Driver/Src/stm32f3xx_hal.c ****  ===============================================================================
 108:Drivers/STM32F3xx_HAL_Driver/Src/stm32f3xx_hal.c ****               ##### Initialization and de-initialization functions #####
 109:Drivers/STM32F3xx_HAL_Driver/Src/stm32f3xx_hal.c ****  ===============================================================================
 110:Drivers/STM32F3xx_HAL_Driver/Src/stm32f3xx_hal.c ****     [..]  This section provides functions allowing to:
 111:Drivers/STM32F3xx_HAL_Driver/Src/stm32f3xx_hal.c ****       (+) Initializes the Flash interface, the NVIC allocation and initial clock 
 112:Drivers/STM32F3xx_HAL_Driver/Src/stm32f3xx_hal.c ****           configuration. It initializes the source of time base also when timeout 
 113:Drivers/STM32F3xx_HAL_Driver/Src/stm32f3xx_hal.c ****           is needed and the backup domain when enabled.
 114:Drivers/STM32F3xx_HAL_Driver/Src/stm32f3xx_hal.c ****       (+) de-Initializes common part of the HAL.
 115:Drivers/STM32F3xx_HAL_Driver/Src/stm32f3xx_hal.c ****       (+) Configure The time base source to have 1ms time base with a dedicated 
 116:Drivers/STM32F3xx_HAL_Driver/Src/stm32f3xx_hal.c ****           Tick interrupt priority. 
 117:Drivers/STM32F3xx_HAL_Driver/Src/stm32f3xx_hal.c ****         (++) Systick timer is used by default as source of time base, but user 
 118:Drivers/STM32F3xx_HAL_Driver/Src/stm32f3xx_hal.c ****              can eventually implement his proper time base source (a general purpose 
 119:Drivers/STM32F3xx_HAL_Driver/Src/stm32f3xx_hal.c ****              timer for example or other time source), keeping in mind that Time base 
 120:Drivers/STM32F3xx_HAL_Driver/Src/stm32f3xx_hal.c ****              duration should be kept 1ms since PPP_TIMEOUT_VALUEs are defined and 
 121:Drivers/STM32F3xx_HAL_Driver/Src/stm32f3xx_hal.c ****              handled in milliseconds basis.
 122:Drivers/STM32F3xx_HAL_Driver/Src/stm32f3xx_hal.c ****         (++) Time base configuration function (HAL_InitTick ()) is called automatically 
 123:Drivers/STM32F3xx_HAL_Driver/Src/stm32f3xx_hal.c ****              at the beginning of the program after reset by HAL_Init() or at any time 
 124:Drivers/STM32F3xx_HAL_Driver/Src/stm32f3xx_hal.c ****              when clock is configured, by HAL_RCC_ClockConfig(). 
 125:Drivers/STM32F3xx_HAL_Driver/Src/stm32f3xx_hal.c ****         (++) Source of time base is configured  to generate interrupts at regular 
 126:Drivers/STM32F3xx_HAL_Driver/Src/stm32f3xx_hal.c ****              time intervals. Care must be taken if HAL_Delay() is called from a 
 127:Drivers/STM32F3xx_HAL_Driver/Src/stm32f3xx_hal.c ****              peripheral ISR process, the Tick interrupt line must have higher priority 
 128:Drivers/STM32F3xx_HAL_Driver/Src/stm32f3xx_hal.c ****             (numerically lower) than the peripheral interrupt. Otherwise the caller 
 129:Drivers/STM32F3xx_HAL_Driver/Src/stm32f3xx_hal.c ****             ISR process will be blocked. 
 130:Drivers/STM32F3xx_HAL_Driver/Src/stm32f3xx_hal.c ****        (++) functions affecting time base configurations are declared as __Weak  
 131:Drivers/STM32F3xx_HAL_Driver/Src/stm32f3xx_hal.c ****              to make  override possible  in case of other  implementations in user file.
 132:Drivers/STM32F3xx_HAL_Driver/Src/stm32f3xx_hal.c **** 
 133:Drivers/STM32F3xx_HAL_Driver/Src/stm32f3xx_hal.c **** @endverbatim
 134:Drivers/STM32F3xx_HAL_Driver/Src/stm32f3xx_hal.c ****   * @{
 135:Drivers/STM32F3xx_HAL_Driver/Src/stm32f3xx_hal.c ****   */
 136:Drivers/STM32F3xx_HAL_Driver/Src/stm32f3xx_hal.c **** 
 137:Drivers/STM32F3xx_HAL_Driver/Src/stm32f3xx_hal.c **** /**
 138:Drivers/STM32F3xx_HAL_Driver/Src/stm32f3xx_hal.c ****   * @brief  This function configures the Flash prefetch, 
 139:Drivers/STM32F3xx_HAL_Driver/Src/stm32f3xx_hal.c ****   *         Configures time base source, NVIC and Low level hardware
 140:Drivers/STM32F3xx_HAL_Driver/Src/stm32f3xx_hal.c ****   * @note   This function is called at the beginning of program after reset and before 
 141:Drivers/STM32F3xx_HAL_Driver/Src/stm32f3xx_hal.c ****   *         the clock configuration
 142:Drivers/STM32F3xx_HAL_Driver/Src/stm32f3xx_hal.c ****   *             
 143:Drivers/STM32F3xx_HAL_Driver/Src/stm32f3xx_hal.c ****   * @note   The Systick configuration is based on HSI clock, as HSI is the clock
 144:Drivers/STM32F3xx_HAL_Driver/Src/stm32f3xx_hal.c ****   *         used after a system Reset and the NVIC configuration is set to Priority group 4 
 145:Drivers/STM32F3xx_HAL_Driver/Src/stm32f3xx_hal.c ****   *            
ARM GAS  /tmp/cc3OdGku.s 			page 4


 146:Drivers/STM32F3xx_HAL_Driver/Src/stm32f3xx_hal.c ****   * @note   The time base configuration is based on MSI clock when exting from Reset.
 147:Drivers/STM32F3xx_HAL_Driver/Src/stm32f3xx_hal.c ****   *         Once done, time base tick start incrementing.
 148:Drivers/STM32F3xx_HAL_Driver/Src/stm32f3xx_hal.c ****   *         In the default implementation,Systick is used as source of time base.
 149:Drivers/STM32F3xx_HAL_Driver/Src/stm32f3xx_hal.c ****   *       The tick variable is incremented each 1ms in its ISR.
 150:Drivers/STM32F3xx_HAL_Driver/Src/stm32f3xx_hal.c ****   * @retval HAL status
 151:Drivers/STM32F3xx_HAL_Driver/Src/stm32f3xx_hal.c ****   */
 152:Drivers/STM32F3xx_HAL_Driver/Src/stm32f3xx_hal.c **** HAL_StatusTypeDef HAL_Init(void)
 153:Drivers/STM32F3xx_HAL_Driver/Src/stm32f3xx_hal.c **** {
 154:Drivers/STM32F3xx_HAL_Driver/Src/stm32f3xx_hal.c ****   /* Configure Flash prefetch */
 155:Drivers/STM32F3xx_HAL_Driver/Src/stm32f3xx_hal.c **** #if (PREFETCH_ENABLE != 0U)
 156:Drivers/STM32F3xx_HAL_Driver/Src/stm32f3xx_hal.c ****   __HAL_FLASH_PREFETCH_BUFFER_ENABLE();
 157:Drivers/STM32F3xx_HAL_Driver/Src/stm32f3xx_hal.c **** #endif /* PREFETCH_ENABLE */
 158:Drivers/STM32F3xx_HAL_Driver/Src/stm32f3xx_hal.c **** 
 159:Drivers/STM32F3xx_HAL_Driver/Src/stm32f3xx_hal.c ****   /* Set Interrupt Group Priority */
 160:Drivers/STM32F3xx_HAL_Driver/Src/stm32f3xx_hal.c ****   HAL_NVIC_SetPriorityGrouping(NVIC_PRIORITYGROUP_4);
 161:Drivers/STM32F3xx_HAL_Driver/Src/stm32f3xx_hal.c **** 
 162:Drivers/STM32F3xx_HAL_Driver/Src/stm32f3xx_hal.c ****   /* Enable systick and configure 1ms tick (default clock after Reset is HSI) */
 163:Drivers/STM32F3xx_HAL_Driver/Src/stm32f3xx_hal.c ****   HAL_InitTick(TICK_INT_PRIORITY);
 164:Drivers/STM32F3xx_HAL_Driver/Src/stm32f3xx_hal.c **** 
 165:Drivers/STM32F3xx_HAL_Driver/Src/stm32f3xx_hal.c ****   /* Init the low level hardware */
 166:Drivers/STM32F3xx_HAL_Driver/Src/stm32f3xx_hal.c ****   HAL_MspInit();
 167:Drivers/STM32F3xx_HAL_Driver/Src/stm32f3xx_hal.c **** 
 168:Drivers/STM32F3xx_HAL_Driver/Src/stm32f3xx_hal.c ****   /* Return function status */
 169:Drivers/STM32F3xx_HAL_Driver/Src/stm32f3xx_hal.c ****   return HAL_OK;
 170:Drivers/STM32F3xx_HAL_Driver/Src/stm32f3xx_hal.c **** }
 171:Drivers/STM32F3xx_HAL_Driver/Src/stm32f3xx_hal.c **** 
 172:Drivers/STM32F3xx_HAL_Driver/Src/stm32f3xx_hal.c **** /**
 173:Drivers/STM32F3xx_HAL_Driver/Src/stm32f3xx_hal.c ****   * @brief  This function de-Initializes common part of the HAL and stops the source
 174:Drivers/STM32F3xx_HAL_Driver/Src/stm32f3xx_hal.c ****   *         of time base.
 175:Drivers/STM32F3xx_HAL_Driver/Src/stm32f3xx_hal.c ****   * @note This function is optional.
 176:Drivers/STM32F3xx_HAL_Driver/Src/stm32f3xx_hal.c ****   * @retval HAL status
 177:Drivers/STM32F3xx_HAL_Driver/Src/stm32f3xx_hal.c ****   */
 178:Drivers/STM32F3xx_HAL_Driver/Src/stm32f3xx_hal.c **** HAL_StatusTypeDef HAL_DeInit(void)
 179:Drivers/STM32F3xx_HAL_Driver/Src/stm32f3xx_hal.c **** {
 180:Drivers/STM32F3xx_HAL_Driver/Src/stm32f3xx_hal.c ****   /* Reset of all peripherals */
 181:Drivers/STM32F3xx_HAL_Driver/Src/stm32f3xx_hal.c ****   __HAL_RCC_APB1_FORCE_RESET();
 182:Drivers/STM32F3xx_HAL_Driver/Src/stm32f3xx_hal.c ****   __HAL_RCC_APB1_RELEASE_RESET();
 183:Drivers/STM32F3xx_HAL_Driver/Src/stm32f3xx_hal.c **** 
 184:Drivers/STM32F3xx_HAL_Driver/Src/stm32f3xx_hal.c ****   __HAL_RCC_APB2_FORCE_RESET();
 185:Drivers/STM32F3xx_HAL_Driver/Src/stm32f3xx_hal.c ****   __HAL_RCC_APB2_RELEASE_RESET();
 186:Drivers/STM32F3xx_HAL_Driver/Src/stm32f3xx_hal.c **** 
 187:Drivers/STM32F3xx_HAL_Driver/Src/stm32f3xx_hal.c ****   __HAL_RCC_AHB_FORCE_RESET();
 188:Drivers/STM32F3xx_HAL_Driver/Src/stm32f3xx_hal.c ****   __HAL_RCC_AHB_RELEASE_RESET();
 189:Drivers/STM32F3xx_HAL_Driver/Src/stm32f3xx_hal.c **** 
 190:Drivers/STM32F3xx_HAL_Driver/Src/stm32f3xx_hal.c ****   /* De-Init the low level hardware */
 191:Drivers/STM32F3xx_HAL_Driver/Src/stm32f3xx_hal.c ****   HAL_MspDeInit();
 192:Drivers/STM32F3xx_HAL_Driver/Src/stm32f3xx_hal.c **** 
 193:Drivers/STM32F3xx_HAL_Driver/Src/stm32f3xx_hal.c ****   /* Return function status */
 194:Drivers/STM32F3xx_HAL_Driver/Src/stm32f3xx_hal.c ****   return HAL_OK;
 195:Drivers/STM32F3xx_HAL_Driver/Src/stm32f3xx_hal.c **** }
 196:Drivers/STM32F3xx_HAL_Driver/Src/stm32f3xx_hal.c **** 
 197:Drivers/STM32F3xx_HAL_Driver/Src/stm32f3xx_hal.c **** /**
 198:Drivers/STM32F3xx_HAL_Driver/Src/stm32f3xx_hal.c ****   * @brief  Initializes the MSP.
 199:Drivers/STM32F3xx_HAL_Driver/Src/stm32f3xx_hal.c ****   * @retval None
 200:Drivers/STM32F3xx_HAL_Driver/Src/stm32f3xx_hal.c ****   */
 201:Drivers/STM32F3xx_HAL_Driver/Src/stm32f3xx_hal.c **** __weak void HAL_MspInit(void)
 202:Drivers/STM32F3xx_HAL_Driver/Src/stm32f3xx_hal.c **** {
ARM GAS  /tmp/cc3OdGku.s 			page 5


  28              		.loc 1 202 0
  29              		.cfi_startproc
  30              		@ args = 0, pretend = 0, frame = 0
  31              		@ frame_needed = 0, uses_anonymous_args = 0
  32              		@ link register save eliminated.
  33 0000 7047     		bx	lr
  34              		.cfi_endproc
  35              	.LFE126:
  37              		.section	.text.HAL_MspDeInit,"ax",%progbits
  38              		.align	1
  39              		.weak	HAL_MspDeInit
  40              		.syntax unified
  41              		.thumb
  42              		.thumb_func
  43              		.fpu fpv4-sp-d16
  45              	HAL_MspDeInit:
  46              	.LFB127:
 203:Drivers/STM32F3xx_HAL_Driver/Src/stm32f3xx_hal.c ****   /* NOTE : This function Should not be modified, when the callback is needed,
 204:Drivers/STM32F3xx_HAL_Driver/Src/stm32f3xx_hal.c ****             the HAL_MspInit could be implemented in the user file
 205:Drivers/STM32F3xx_HAL_Driver/Src/stm32f3xx_hal.c ****    */
 206:Drivers/STM32F3xx_HAL_Driver/Src/stm32f3xx_hal.c **** }
 207:Drivers/STM32F3xx_HAL_Driver/Src/stm32f3xx_hal.c **** 
 208:Drivers/STM32F3xx_HAL_Driver/Src/stm32f3xx_hal.c **** /**
 209:Drivers/STM32F3xx_HAL_Driver/Src/stm32f3xx_hal.c ****   * @brief  DeInitializes the MSP.
 210:Drivers/STM32F3xx_HAL_Driver/Src/stm32f3xx_hal.c ****   * @retval None
 211:Drivers/STM32F3xx_HAL_Driver/Src/stm32f3xx_hal.c ****   */
 212:Drivers/STM32F3xx_HAL_Driver/Src/stm32f3xx_hal.c **** __weak void HAL_MspDeInit(void)
 213:Drivers/STM32F3xx_HAL_Driver/Src/stm32f3xx_hal.c **** {
  47              		.loc 1 213 0
  48              		.cfi_startproc
  49              		@ args = 0, pretend = 0, frame = 0
  50              		@ frame_needed = 0, uses_anonymous_args = 0
  51              		@ link register save eliminated.
  52 0000 7047     		bx	lr
  53              		.cfi_endproc
  54              	.LFE127:
  56              		.section	.text.HAL_DeInit,"ax",%progbits
  57              		.align	1
  58              		.global	HAL_DeInit
  59              		.syntax unified
  60              		.thumb
  61              		.thumb_func
  62              		.fpu fpv4-sp-d16
  64              	HAL_DeInit:
  65              	.LFB125:
 179:Drivers/STM32F3xx_HAL_Driver/Src/stm32f3xx_hal.c ****   /* Reset of all peripherals */
  66              		.loc 1 179 0
  67              		.cfi_startproc
  68              		@ args = 0, pretend = 0, frame = 0
  69              		@ frame_needed = 0, uses_anonymous_args = 0
 179:Drivers/STM32F3xx_HAL_Driver/Src/stm32f3xx_hal.c ****   /* Reset of all peripherals */
  70              		.loc 1 179 0
  71 0000 10B5     		push	{r4, lr}
  72              	.LCFI0:
  73              		.cfi_def_cfa_offset 8
  74              		.cfi_offset 4, -8
  75              		.cfi_offset 14, -4
ARM GAS  /tmp/cc3OdGku.s 			page 6


 181:Drivers/STM32F3xx_HAL_Driver/Src/stm32f3xx_hal.c ****   __HAL_RCC_APB1_RELEASE_RESET();
  76              		.loc 1 181 0
  77 0002 074B     		ldr	r3, .L5
  78 0004 4FF0FF32 		mov	r2, #-1
  79 0008 1A61     		str	r2, [r3, #16]
 182:Drivers/STM32F3xx_HAL_Driver/Src/stm32f3xx_hal.c **** 
  80              		.loc 1 182 0
  81 000a 0024     		movs	r4, #0
  82 000c 1C61     		str	r4, [r3, #16]
 184:Drivers/STM32F3xx_HAL_Driver/Src/stm32f3xx_hal.c ****   __HAL_RCC_APB2_RELEASE_RESET();
  83              		.loc 1 184 0
  84 000e DA60     		str	r2, [r3, #12]
 185:Drivers/STM32F3xx_HAL_Driver/Src/stm32f3xx_hal.c **** 
  85              		.loc 1 185 0
  86 0010 DC60     		str	r4, [r3, #12]
 187:Drivers/STM32F3xx_HAL_Driver/Src/stm32f3xx_hal.c ****   __HAL_RCC_AHB_RELEASE_RESET();
  87              		.loc 1 187 0
  88 0012 9A62     		str	r2, [r3, #40]
 188:Drivers/STM32F3xx_HAL_Driver/Src/stm32f3xx_hal.c **** 
  89              		.loc 1 188 0
  90 0014 9C62     		str	r4, [r3, #40]
 191:Drivers/STM32F3xx_HAL_Driver/Src/stm32f3xx_hal.c **** 
  91              		.loc 1 191 0
  92 0016 FFF7FEFF 		bl	HAL_MspDeInit
  93              	.LVL0:
 195:Drivers/STM32F3xx_HAL_Driver/Src/stm32f3xx_hal.c **** 
  94              		.loc 1 195 0
  95 001a 2046     		mov	r0, r4
  96 001c 10BD     		pop	{r4, pc}
  97              	.L6:
  98 001e 00BF     		.align	2
  99              	.L5:
 100 0020 00100240 		.word	1073876992
 101              		.cfi_endproc
 102              	.LFE125:
 104              		.section	.text.HAL_InitTick,"ax",%progbits
 105              		.align	1
 106              		.weak	HAL_InitTick
 107              		.syntax unified
 108              		.thumb
 109              		.thumb_func
 110              		.fpu fpv4-sp-d16
 112              	HAL_InitTick:
 113              	.LFB128:
 214:Drivers/STM32F3xx_HAL_Driver/Src/stm32f3xx_hal.c ****   /* NOTE : This function Should not be modified, when the callback is needed,
 215:Drivers/STM32F3xx_HAL_Driver/Src/stm32f3xx_hal.c ****             the HAL_MspDeInit could be implemented in the user file
 216:Drivers/STM32F3xx_HAL_Driver/Src/stm32f3xx_hal.c ****    */
 217:Drivers/STM32F3xx_HAL_Driver/Src/stm32f3xx_hal.c **** }
 218:Drivers/STM32F3xx_HAL_Driver/Src/stm32f3xx_hal.c **** 
 219:Drivers/STM32F3xx_HAL_Driver/Src/stm32f3xx_hal.c **** /**
 220:Drivers/STM32F3xx_HAL_Driver/Src/stm32f3xx_hal.c ****   * @brief  This function configures the source of the time base. 
 221:Drivers/STM32F3xx_HAL_Driver/Src/stm32f3xx_hal.c ****   *         The time source is configured  to have 1ms time base with a dedicated 
 222:Drivers/STM32F3xx_HAL_Driver/Src/stm32f3xx_hal.c ****   *         Tick interrupt priority. 
 223:Drivers/STM32F3xx_HAL_Driver/Src/stm32f3xx_hal.c ****   * @note   This function is called  automatically at the beginning of program after
 224:Drivers/STM32F3xx_HAL_Driver/Src/stm32f3xx_hal.c ****   *         reset by HAL_Init() or at any time when clock is reconfigured  by HAL_RCC_ClockConfig()
 225:Drivers/STM32F3xx_HAL_Driver/Src/stm32f3xx_hal.c ****   * @note   In the default implementation , SysTick timer is the source of time base. 
 226:Drivers/STM32F3xx_HAL_Driver/Src/stm32f3xx_hal.c ****   *         It is used to generate interrupts at regular time intervals. 
ARM GAS  /tmp/cc3OdGku.s 			page 7


 227:Drivers/STM32F3xx_HAL_Driver/Src/stm32f3xx_hal.c ****   *         Care must be taken if HAL_Delay() is called from a peripheral ISR process, 
 228:Drivers/STM32F3xx_HAL_Driver/Src/stm32f3xx_hal.c ****   *         The the SysTick interrupt must have higher priority (numerically lower) 
 229:Drivers/STM32F3xx_HAL_Driver/Src/stm32f3xx_hal.c ****   *         than the peripheral interrupt. Otherwise the caller ISR process will be blocked.
 230:Drivers/STM32F3xx_HAL_Driver/Src/stm32f3xx_hal.c ****   *         The function is declared as __Weak  to be overwritten  in case of other
 231:Drivers/STM32F3xx_HAL_Driver/Src/stm32f3xx_hal.c ****   *         implementation  in user file.
 232:Drivers/STM32F3xx_HAL_Driver/Src/stm32f3xx_hal.c ****   * @param TickPriority Tick interrupt priority.
 233:Drivers/STM32F3xx_HAL_Driver/Src/stm32f3xx_hal.c ****   * @retval HAL status
 234:Drivers/STM32F3xx_HAL_Driver/Src/stm32f3xx_hal.c ****   */
 235:Drivers/STM32F3xx_HAL_Driver/Src/stm32f3xx_hal.c **** __weak HAL_StatusTypeDef HAL_InitTick(uint32_t TickPriority)
 236:Drivers/STM32F3xx_HAL_Driver/Src/stm32f3xx_hal.c **** {
 114              		.loc 1 236 0
 115              		.cfi_startproc
 116              		@ args = 0, pretend = 0, frame = 0
 117              		@ frame_needed = 0, uses_anonymous_args = 0
 118              	.LVL1:
 119 0000 10B5     		push	{r4, lr}
 120              	.LCFI1:
 121              		.cfi_def_cfa_offset 8
 122              		.cfi_offset 4, -8
 123              		.cfi_offset 14, -4
 124 0002 0446     		mov	r4, r0
 237:Drivers/STM32F3xx_HAL_Driver/Src/stm32f3xx_hal.c ****   /*Configure the SysTick to have interrupt in 1ms time basis*/
 238:Drivers/STM32F3xx_HAL_Driver/Src/stm32f3xx_hal.c ****   HAL_SYSTICK_Config(SystemCoreClock / 1000U);
 125              		.loc 1 238 0
 126 0004 074B     		ldr	r3, .L9
 127 0006 1868     		ldr	r0, [r3]
 128              	.LVL2:
 129 0008 074B     		ldr	r3, .L9+4
 130 000a A3FB0030 		umull	r3, r0, r3, r0
 131 000e 8009     		lsrs	r0, r0, #6
 132 0010 FFF7FEFF 		bl	HAL_SYSTICK_Config
 133              	.LVL3:
 239:Drivers/STM32F3xx_HAL_Driver/Src/stm32f3xx_hal.c ****  
 240:Drivers/STM32F3xx_HAL_Driver/Src/stm32f3xx_hal.c ****   /*Configure the SysTick IRQ priority */
 241:Drivers/STM32F3xx_HAL_Driver/Src/stm32f3xx_hal.c ****   HAL_NVIC_SetPriority(SysTick_IRQn, TickPriority ,0U);
 134              		.loc 1 241 0
 135 0014 0022     		movs	r2, #0
 136 0016 2146     		mov	r1, r4
 137 0018 4FF0FF30 		mov	r0, #-1
 138 001c FFF7FEFF 		bl	HAL_NVIC_SetPriority
 139              	.LVL4:
 242:Drivers/STM32F3xx_HAL_Driver/Src/stm32f3xx_hal.c **** 
 243:Drivers/STM32F3xx_HAL_Driver/Src/stm32f3xx_hal.c ****    /* Return function status */
 244:Drivers/STM32F3xx_HAL_Driver/Src/stm32f3xx_hal.c ****   return HAL_OK;
 245:Drivers/STM32F3xx_HAL_Driver/Src/stm32f3xx_hal.c **** }
 140              		.loc 1 245 0
 141 0020 0020     		movs	r0, #0
 142 0022 10BD     		pop	{r4, pc}
 143              	.LVL5:
 144              	.L10:
 145              		.align	2
 146              	.L9:
 147 0024 00000000 		.word	SystemCoreClock
 148 0028 D34D6210 		.word	274877907
 149              		.cfi_endproc
 150              	.LFE128:
 152              		.section	.text.HAL_Init,"ax",%progbits
ARM GAS  /tmp/cc3OdGku.s 			page 8


 153              		.align	1
 154              		.global	HAL_Init
 155              		.syntax unified
 156              		.thumb
 157              		.thumb_func
 158              		.fpu fpv4-sp-d16
 160              	HAL_Init:
 161              	.LFB124:
 153:Drivers/STM32F3xx_HAL_Driver/Src/stm32f3xx_hal.c ****   /* Configure Flash prefetch */
 162              		.loc 1 153 0
 163              		.cfi_startproc
 164              		@ args = 0, pretend = 0, frame = 0
 165              		@ frame_needed = 0, uses_anonymous_args = 0
 166 0000 08B5     		push	{r3, lr}
 167              	.LCFI2:
 168              		.cfi_def_cfa_offset 8
 169              		.cfi_offset 3, -8
 170              		.cfi_offset 14, -4
 156:Drivers/STM32F3xx_HAL_Driver/Src/stm32f3xx_hal.c **** #endif /* PREFETCH_ENABLE */
 171              		.loc 1 156 0
 172 0002 074A     		ldr	r2, .L13
 173 0004 1368     		ldr	r3, [r2]
 174 0006 43F01003 		orr	r3, r3, #16
 175 000a 1360     		str	r3, [r2]
 160:Drivers/STM32F3xx_HAL_Driver/Src/stm32f3xx_hal.c **** 
 176              		.loc 1 160 0
 177 000c 0320     		movs	r0, #3
 178 000e FFF7FEFF 		bl	HAL_NVIC_SetPriorityGrouping
 179              	.LVL6:
 163:Drivers/STM32F3xx_HAL_Driver/Src/stm32f3xx_hal.c **** 
 180              		.loc 1 163 0
 181 0012 0020     		movs	r0, #0
 182 0014 FFF7FEFF 		bl	HAL_InitTick
 183              	.LVL7:
 166:Drivers/STM32F3xx_HAL_Driver/Src/stm32f3xx_hal.c **** 
 184              		.loc 1 166 0
 185 0018 FFF7FEFF 		bl	HAL_MspInit
 186              	.LVL8:
 170:Drivers/STM32F3xx_HAL_Driver/Src/stm32f3xx_hal.c **** 
 187              		.loc 1 170 0
 188 001c 0020     		movs	r0, #0
 189 001e 08BD     		pop	{r3, pc}
 190              	.L14:
 191              		.align	2
 192              	.L13:
 193 0020 00200240 		.word	1073881088
 194              		.cfi_endproc
 195              	.LFE124:
 197              		.section	.text.HAL_IncTick,"ax",%progbits
 198              		.align	1
 199              		.weak	HAL_IncTick
 200              		.syntax unified
 201              		.thumb
 202              		.thumb_func
 203              		.fpu fpv4-sp-d16
 205              	HAL_IncTick:
 206              	.LFB129:
ARM GAS  /tmp/cc3OdGku.s 			page 9


 246:Drivers/STM32F3xx_HAL_Driver/Src/stm32f3xx_hal.c **** 
 247:Drivers/STM32F3xx_HAL_Driver/Src/stm32f3xx_hal.c **** /**
 248:Drivers/STM32F3xx_HAL_Driver/Src/stm32f3xx_hal.c ****   * @}
 249:Drivers/STM32F3xx_HAL_Driver/Src/stm32f3xx_hal.c ****   */
 250:Drivers/STM32F3xx_HAL_Driver/Src/stm32f3xx_hal.c **** 
 251:Drivers/STM32F3xx_HAL_Driver/Src/stm32f3xx_hal.c **** /** @defgroup HAL_Exported_Functions_Group2 HAL Control functions 
 252:Drivers/STM32F3xx_HAL_Driver/Src/stm32f3xx_hal.c ****  *  @brief    HAL Control functions
 253:Drivers/STM32F3xx_HAL_Driver/Src/stm32f3xx_hal.c ****  *
 254:Drivers/STM32F3xx_HAL_Driver/Src/stm32f3xx_hal.c **** @verbatim
 255:Drivers/STM32F3xx_HAL_Driver/Src/stm32f3xx_hal.c ****  ===============================================================================
 256:Drivers/STM32F3xx_HAL_Driver/Src/stm32f3xx_hal.c ****                       ##### HAL Control functions #####
 257:Drivers/STM32F3xx_HAL_Driver/Src/stm32f3xx_hal.c ****  ===============================================================================
 258:Drivers/STM32F3xx_HAL_Driver/Src/stm32f3xx_hal.c ****     [..]  This section provides functions allowing to:
 259:Drivers/STM32F3xx_HAL_Driver/Src/stm32f3xx_hal.c ****       (+) Provide a tick value in millisecond
 260:Drivers/STM32F3xx_HAL_Driver/Src/stm32f3xx_hal.c ****       (+) Provide a blocking delay in millisecond
 261:Drivers/STM32F3xx_HAL_Driver/Src/stm32f3xx_hal.c ****       (+) Suspend the time base source interrupt
 262:Drivers/STM32F3xx_HAL_Driver/Src/stm32f3xx_hal.c ****       (+) Resume the time base source interrupt
 263:Drivers/STM32F3xx_HAL_Driver/Src/stm32f3xx_hal.c ****       (+) Get the HAL API driver version
 264:Drivers/STM32F3xx_HAL_Driver/Src/stm32f3xx_hal.c ****       (+) Get the device identifier
 265:Drivers/STM32F3xx_HAL_Driver/Src/stm32f3xx_hal.c ****       (+) Get the device revision identifier
 266:Drivers/STM32F3xx_HAL_Driver/Src/stm32f3xx_hal.c ****       (+) Enable/Disable Debug module during Sleep mode
 267:Drivers/STM32F3xx_HAL_Driver/Src/stm32f3xx_hal.c ****       (+) Enable/Disable Debug module during STOP mode
 268:Drivers/STM32F3xx_HAL_Driver/Src/stm32f3xx_hal.c ****       (+) Enable/Disable Debug module during STANDBY mode
 269:Drivers/STM32F3xx_HAL_Driver/Src/stm32f3xx_hal.c ****       
 270:Drivers/STM32F3xx_HAL_Driver/Src/stm32f3xx_hal.c **** @endverbatim
 271:Drivers/STM32F3xx_HAL_Driver/Src/stm32f3xx_hal.c ****   * @{
 272:Drivers/STM32F3xx_HAL_Driver/Src/stm32f3xx_hal.c ****   */
 273:Drivers/STM32F3xx_HAL_Driver/Src/stm32f3xx_hal.c **** 
 274:Drivers/STM32F3xx_HAL_Driver/Src/stm32f3xx_hal.c **** /**
 275:Drivers/STM32F3xx_HAL_Driver/Src/stm32f3xx_hal.c ****   * @brief  This function is called to increment  a global variable "uwTick"
 276:Drivers/STM32F3xx_HAL_Driver/Src/stm32f3xx_hal.c ****   *         used as application time base.
 277:Drivers/STM32F3xx_HAL_Driver/Src/stm32f3xx_hal.c ****   * @note In the default implementation, this variable is incremented each 1ms
 278:Drivers/STM32F3xx_HAL_Driver/Src/stm32f3xx_hal.c ****   *         in Systick ISR.
 279:Drivers/STM32F3xx_HAL_Driver/Src/stm32f3xx_hal.c ****   * @note This function is declared as __weak to be overwritten in case of other 
 280:Drivers/STM32F3xx_HAL_Driver/Src/stm32f3xx_hal.c ****   *         implementations  in user file.
 281:Drivers/STM32F3xx_HAL_Driver/Src/stm32f3xx_hal.c ****   * @retval None
 282:Drivers/STM32F3xx_HAL_Driver/Src/stm32f3xx_hal.c ****   */
 283:Drivers/STM32F3xx_HAL_Driver/Src/stm32f3xx_hal.c **** __weak void HAL_IncTick(void)
 284:Drivers/STM32F3xx_HAL_Driver/Src/stm32f3xx_hal.c **** {
 207              		.loc 1 284 0
 208              		.cfi_startproc
 209              		@ args = 0, pretend = 0, frame = 0
 210              		@ frame_needed = 0, uses_anonymous_args = 0
 211              		@ link register save eliminated.
 285:Drivers/STM32F3xx_HAL_Driver/Src/stm32f3xx_hal.c ****   uwTick++;
 212              		.loc 1 285 0
 213 0000 024A     		ldr	r2, .L16
 214 0002 1368     		ldr	r3, [r2]
 215 0004 0133     		adds	r3, r3, #1
 216 0006 1360     		str	r3, [r2]
 217 0008 7047     		bx	lr
 218              	.L17:
 219 000a 00BF     		.align	2
 220              	.L16:
 221 000c 00000000 		.word	uwTick
 222              		.cfi_endproc
 223              	.LFE129:
ARM GAS  /tmp/cc3OdGku.s 			page 10


 225              		.section	.text.HAL_GetTick,"ax",%progbits
 226              		.align	1
 227              		.weak	HAL_GetTick
 228              		.syntax unified
 229              		.thumb
 230              		.thumb_func
 231              		.fpu fpv4-sp-d16
 233              	HAL_GetTick:
 234              	.LFB130:
 286:Drivers/STM32F3xx_HAL_Driver/Src/stm32f3xx_hal.c **** }
 287:Drivers/STM32F3xx_HAL_Driver/Src/stm32f3xx_hal.c **** 
 288:Drivers/STM32F3xx_HAL_Driver/Src/stm32f3xx_hal.c **** /**
 289:Drivers/STM32F3xx_HAL_Driver/Src/stm32f3xx_hal.c ****   * @brief  Povides a tick value in millisecond.
 290:Drivers/STM32F3xx_HAL_Driver/Src/stm32f3xx_hal.c ****   * @note   The function is declared as __Weak  to be overwritten  in case of other 
 291:Drivers/STM32F3xx_HAL_Driver/Src/stm32f3xx_hal.c ****   *         implementations  in user file.
 292:Drivers/STM32F3xx_HAL_Driver/Src/stm32f3xx_hal.c ****   * @retval tick value
 293:Drivers/STM32F3xx_HAL_Driver/Src/stm32f3xx_hal.c ****   */
 294:Drivers/STM32F3xx_HAL_Driver/Src/stm32f3xx_hal.c **** __weak uint32_t HAL_GetTick(void)
 295:Drivers/STM32F3xx_HAL_Driver/Src/stm32f3xx_hal.c **** {
 235              		.loc 1 295 0
 236              		.cfi_startproc
 237              		@ args = 0, pretend = 0, frame = 0
 238              		@ frame_needed = 0, uses_anonymous_args = 0
 239              		@ link register save eliminated.
 296:Drivers/STM32F3xx_HAL_Driver/Src/stm32f3xx_hal.c ****   return uwTick;  
 240              		.loc 1 296 0
 241 0000 014B     		ldr	r3, .L19
 242 0002 1868     		ldr	r0, [r3]
 297:Drivers/STM32F3xx_HAL_Driver/Src/stm32f3xx_hal.c **** }
 243              		.loc 1 297 0
 244 0004 7047     		bx	lr
 245              	.L20:
 246 0006 00BF     		.align	2
 247              	.L19:
 248 0008 00000000 		.word	uwTick
 249              		.cfi_endproc
 250              	.LFE130:
 252              		.section	.text.HAL_Delay,"ax",%progbits
 253              		.align	1
 254              		.weak	HAL_Delay
 255              		.syntax unified
 256              		.thumb
 257              		.thumb_func
 258              		.fpu fpv4-sp-d16
 260              	HAL_Delay:
 261              	.LFB131:
 298:Drivers/STM32F3xx_HAL_Driver/Src/stm32f3xx_hal.c **** 
 299:Drivers/STM32F3xx_HAL_Driver/Src/stm32f3xx_hal.c **** /**
 300:Drivers/STM32F3xx_HAL_Driver/Src/stm32f3xx_hal.c ****   * @brief  This function provides accurate delay (in milliseconds) based 
 301:Drivers/STM32F3xx_HAL_Driver/Src/stm32f3xx_hal.c ****   *         on variable incremented.
 302:Drivers/STM32F3xx_HAL_Driver/Src/stm32f3xx_hal.c ****   * @note   In the default implementation , SysTick timer is the source of time base. 
 303:Drivers/STM32F3xx_HAL_Driver/Src/stm32f3xx_hal.c ****   *         It is used to generate interrupts at regular time intervals where uwTick
 304:Drivers/STM32F3xx_HAL_Driver/Src/stm32f3xx_hal.c ****   *         is incremented.
 305:Drivers/STM32F3xx_HAL_Driver/Src/stm32f3xx_hal.c ****   *         The function is declared as __Weak  to be overwritten  in case of other
 306:Drivers/STM32F3xx_HAL_Driver/Src/stm32f3xx_hal.c ****   *         implementations  in user file.
 307:Drivers/STM32F3xx_HAL_Driver/Src/stm32f3xx_hal.c ****   * @param  Delay specifies the delay time length, in milliseconds.
 308:Drivers/STM32F3xx_HAL_Driver/Src/stm32f3xx_hal.c ****   * @retval None
ARM GAS  /tmp/cc3OdGku.s 			page 11


 309:Drivers/STM32F3xx_HAL_Driver/Src/stm32f3xx_hal.c ****   */
 310:Drivers/STM32F3xx_HAL_Driver/Src/stm32f3xx_hal.c **** __weak void HAL_Delay(__IO uint32_t Delay)
 311:Drivers/STM32F3xx_HAL_Driver/Src/stm32f3xx_hal.c **** {
 262              		.loc 1 311 0
 263              		.cfi_startproc
 264              		@ args = 0, pretend = 0, frame = 8
 265              		@ frame_needed = 0, uses_anonymous_args = 0
 266              	.LVL9:
 267 0000 30B5     		push	{r4, r5, lr}
 268              	.LCFI3:
 269              		.cfi_def_cfa_offset 12
 270              		.cfi_offset 4, -12
 271              		.cfi_offset 5, -8
 272              		.cfi_offset 14, -4
 273 0002 83B0     		sub	sp, sp, #12
 274              	.LCFI4:
 275              		.cfi_def_cfa_offset 24
 276 0004 0190     		str	r0, [sp, #4]
 312:Drivers/STM32F3xx_HAL_Driver/Src/stm32f3xx_hal.c ****   uint32_t tickstart = HAL_GetTick();
 277              		.loc 1 312 0
 278 0006 FFF7FEFF 		bl	HAL_GetTick
 279              	.LVL10:
 280 000a 0546     		mov	r5, r0
 281              	.LVL11:
 313:Drivers/STM32F3xx_HAL_Driver/Src/stm32f3xx_hal.c ****   uint32_t wait = Delay;
 282              		.loc 1 313 0
 283 000c 019C     		ldr	r4, [sp, #4]
 284              	.LVL12:
 314:Drivers/STM32F3xx_HAL_Driver/Src/stm32f3xx_hal.c ****   
 315:Drivers/STM32F3xx_HAL_Driver/Src/stm32f3xx_hal.c ****   /* Add a period to guarantee minimum wait */
 316:Drivers/STM32F3xx_HAL_Driver/Src/stm32f3xx_hal.c ****   if (wait < HAL_MAX_DELAY)
 285              		.loc 1 316 0
 286 000e B4F1FF3F 		cmp	r4, #-1
 287 0012 00D0     		beq	.L23
 317:Drivers/STM32F3xx_HAL_Driver/Src/stm32f3xx_hal.c ****   {
 318:Drivers/STM32F3xx_HAL_Driver/Src/stm32f3xx_hal.c ****      wait++;
 288              		.loc 1 318 0
 289 0014 0134     		adds	r4, r4, #1
 290              	.LVL13:
 291              	.L23:
 319:Drivers/STM32F3xx_HAL_Driver/Src/stm32f3xx_hal.c ****   }
 320:Drivers/STM32F3xx_HAL_Driver/Src/stm32f3xx_hal.c ****   
 321:Drivers/STM32F3xx_HAL_Driver/Src/stm32f3xx_hal.c ****   while((HAL_GetTick() - tickstart) < wait)
 292              		.loc 1 321 0 discriminator 1
 293 0016 FFF7FEFF 		bl	HAL_GetTick
 294              	.LVL14:
 295 001a 401B     		subs	r0, r0, r5
 296 001c A042     		cmp	r0, r4
 297 001e FAD3     		bcc	.L23
 322:Drivers/STM32F3xx_HAL_Driver/Src/stm32f3xx_hal.c ****   {
 323:Drivers/STM32F3xx_HAL_Driver/Src/stm32f3xx_hal.c ****   }
 324:Drivers/STM32F3xx_HAL_Driver/Src/stm32f3xx_hal.c **** }
 298              		.loc 1 324 0
 299 0020 03B0     		add	sp, sp, #12
 300              	.LCFI5:
 301              		.cfi_def_cfa_offset 12
 302              		@ sp needed
ARM GAS  /tmp/cc3OdGku.s 			page 12


 303 0022 30BD     		pop	{r4, r5, pc}
 304              		.cfi_endproc
 305              	.LFE131:
 307              		.section	.text.HAL_SuspendTick,"ax",%progbits
 308              		.align	1
 309              		.weak	HAL_SuspendTick
 310              		.syntax unified
 311              		.thumb
 312              		.thumb_func
 313              		.fpu fpv4-sp-d16
 315              	HAL_SuspendTick:
 316              	.LFB132:
 325:Drivers/STM32F3xx_HAL_Driver/Src/stm32f3xx_hal.c **** 
 326:Drivers/STM32F3xx_HAL_Driver/Src/stm32f3xx_hal.c **** /**
 327:Drivers/STM32F3xx_HAL_Driver/Src/stm32f3xx_hal.c ****   * @brief  Suspend Tick increment.
 328:Drivers/STM32F3xx_HAL_Driver/Src/stm32f3xx_hal.c ****   * @note   In the default implementation , SysTick timer is the source of time base. It is  
 329:Drivers/STM32F3xx_HAL_Driver/Src/stm32f3xx_hal.c ****   *         used to generate interrupts at regular time intervals. Once HAL_SuspendTick()
 330:Drivers/STM32F3xx_HAL_Driver/Src/stm32f3xx_hal.c ****   *         is called, the the SysTick interrupt will be disabled and so Tick increment 
 331:Drivers/STM32F3xx_HAL_Driver/Src/stm32f3xx_hal.c ****   *         is suspended.
 332:Drivers/STM32F3xx_HAL_Driver/Src/stm32f3xx_hal.c ****   * @note This function is declared as __weak to be overwritten in case of other
 333:Drivers/STM32F3xx_HAL_Driver/Src/stm32f3xx_hal.c ****   *         implementations  in user file.
 334:Drivers/STM32F3xx_HAL_Driver/Src/stm32f3xx_hal.c ****   * @retval None
 335:Drivers/STM32F3xx_HAL_Driver/Src/stm32f3xx_hal.c ****   */
 336:Drivers/STM32F3xx_HAL_Driver/Src/stm32f3xx_hal.c **** __weak void HAL_SuspendTick(void)
 337:Drivers/STM32F3xx_HAL_Driver/Src/stm32f3xx_hal.c **** 
 338:Drivers/STM32F3xx_HAL_Driver/Src/stm32f3xx_hal.c **** {
 317              		.loc 1 338 0
 318              		.cfi_startproc
 319              		@ args = 0, pretend = 0, frame = 0
 320              		@ frame_needed = 0, uses_anonymous_args = 0
 321              		@ link register save eliminated.
 339:Drivers/STM32F3xx_HAL_Driver/Src/stm32f3xx_hal.c ****   /* Disable SysTick Interrupt */
 340:Drivers/STM32F3xx_HAL_Driver/Src/stm32f3xx_hal.c ****   SysTick->CTRL &= ~SysTick_CTRL_TICKINT_Msk;
 322              		.loc 1 340 0
 323 0000 024A     		ldr	r2, .L26
 324 0002 1368     		ldr	r3, [r2]
 325 0004 23F00203 		bic	r3, r3, #2
 326 0008 1360     		str	r3, [r2]
 327 000a 7047     		bx	lr
 328              	.L27:
 329              		.align	2
 330              	.L26:
 331 000c 10E000E0 		.word	-536813552
 332              		.cfi_endproc
 333              	.LFE132:
 335              		.section	.text.HAL_ResumeTick,"ax",%progbits
 336              		.align	1
 337              		.weak	HAL_ResumeTick
 338              		.syntax unified
 339              		.thumb
 340              		.thumb_func
 341              		.fpu fpv4-sp-d16
 343              	HAL_ResumeTick:
 344              	.LFB133:
 341:Drivers/STM32F3xx_HAL_Driver/Src/stm32f3xx_hal.c ****                                                    
 342:Drivers/STM32F3xx_HAL_Driver/Src/stm32f3xx_hal.c **** }
 343:Drivers/STM32F3xx_HAL_Driver/Src/stm32f3xx_hal.c **** 
ARM GAS  /tmp/cc3OdGku.s 			page 13


 344:Drivers/STM32F3xx_HAL_Driver/Src/stm32f3xx_hal.c **** /**
 345:Drivers/STM32F3xx_HAL_Driver/Src/stm32f3xx_hal.c ****   * @brief  Resume Tick increment.
 346:Drivers/STM32F3xx_HAL_Driver/Src/stm32f3xx_hal.c ****   * @note   In the default implementation , SysTick timer is the source of time base. It is  
 347:Drivers/STM32F3xx_HAL_Driver/Src/stm32f3xx_hal.c ****   *         used to generate interrupts at regular time intervals. Once HAL_ResumeTick()
 348:Drivers/STM32F3xx_HAL_Driver/Src/stm32f3xx_hal.c ****   *         is called, the the SysTick interrupt will be enabled and so Tick increment 
 349:Drivers/STM32F3xx_HAL_Driver/Src/stm32f3xx_hal.c ****   *         is resumed.
 350:Drivers/STM32F3xx_HAL_Driver/Src/stm32f3xx_hal.c ****   *         The function is declared as __Weak  to be overwritten  in case of other
 351:Drivers/STM32F3xx_HAL_Driver/Src/stm32f3xx_hal.c ****   *         implementations  in user file.
 352:Drivers/STM32F3xx_HAL_Driver/Src/stm32f3xx_hal.c ****   * @retval None
 353:Drivers/STM32F3xx_HAL_Driver/Src/stm32f3xx_hal.c ****   */
 354:Drivers/STM32F3xx_HAL_Driver/Src/stm32f3xx_hal.c **** __weak void HAL_ResumeTick(void)
 355:Drivers/STM32F3xx_HAL_Driver/Src/stm32f3xx_hal.c **** {
 345              		.loc 1 355 0
 346              		.cfi_startproc
 347              		@ args = 0, pretend = 0, frame = 0
 348              		@ frame_needed = 0, uses_anonymous_args = 0
 349              		@ link register save eliminated.
 356:Drivers/STM32F3xx_HAL_Driver/Src/stm32f3xx_hal.c ****   /* Enable SysTick Interrupt */
 357:Drivers/STM32F3xx_HAL_Driver/Src/stm32f3xx_hal.c ****   SysTick->CTRL  |= SysTick_CTRL_TICKINT_Msk;
 350              		.loc 1 357 0
 351 0000 024A     		ldr	r2, .L29
 352 0002 1368     		ldr	r3, [r2]
 353 0004 43F00203 		orr	r3, r3, #2
 354 0008 1360     		str	r3, [r2]
 355 000a 7047     		bx	lr
 356              	.L30:
 357              		.align	2
 358              	.L29:
 359 000c 10E000E0 		.word	-536813552
 360              		.cfi_endproc
 361              	.LFE133:
 363              		.section	.text.HAL_GetHalVersion,"ax",%progbits
 364              		.align	1
 365              		.global	HAL_GetHalVersion
 366              		.syntax unified
 367              		.thumb
 368              		.thumb_func
 369              		.fpu fpv4-sp-d16
 371              	HAL_GetHalVersion:
 372              	.LFB134:
 358:Drivers/STM32F3xx_HAL_Driver/Src/stm32f3xx_hal.c ****   
 359:Drivers/STM32F3xx_HAL_Driver/Src/stm32f3xx_hal.c **** }
 360:Drivers/STM32F3xx_HAL_Driver/Src/stm32f3xx_hal.c **** 
 361:Drivers/STM32F3xx_HAL_Driver/Src/stm32f3xx_hal.c **** /**
 362:Drivers/STM32F3xx_HAL_Driver/Src/stm32f3xx_hal.c ****   * @brief  This function returns the HAL revision
 363:Drivers/STM32F3xx_HAL_Driver/Src/stm32f3xx_hal.c ****   * @retval version : 0xXYZR (8bits for each decimal, R for RC)
 364:Drivers/STM32F3xx_HAL_Driver/Src/stm32f3xx_hal.c ****   */
 365:Drivers/STM32F3xx_HAL_Driver/Src/stm32f3xx_hal.c **** uint32_t HAL_GetHalVersion(void)
 366:Drivers/STM32F3xx_HAL_Driver/Src/stm32f3xx_hal.c **** {
 373              		.loc 1 366 0
 374              		.cfi_startproc
 375              		@ args = 0, pretend = 0, frame = 0
 376              		@ frame_needed = 0, uses_anonymous_args = 0
 377              		@ link register save eliminated.
 367:Drivers/STM32F3xx_HAL_Driver/Src/stm32f3xx_hal.c ****  return __STM32F3xx_HAL_VERSION;
 368:Drivers/STM32F3xx_HAL_Driver/Src/stm32f3xx_hal.c **** }
 378              		.loc 1 368 0
ARM GAS  /tmp/cc3OdGku.s 			page 14


 379 0000 0048     		ldr	r0, .L32
 380 0002 7047     		bx	lr
 381              	.L33:
 382              		.align	2
 383              	.L32:
 384 0004 00000501 		.word	17104896
 385              		.cfi_endproc
 386              	.LFE134:
 388              		.section	.text.HAL_GetREVID,"ax",%progbits
 389              		.align	1
 390              		.global	HAL_GetREVID
 391              		.syntax unified
 392              		.thumb
 393              		.thumb_func
 394              		.fpu fpv4-sp-d16
 396              	HAL_GetREVID:
 397              	.LFB135:
 369:Drivers/STM32F3xx_HAL_Driver/Src/stm32f3xx_hal.c **** 
 370:Drivers/STM32F3xx_HAL_Driver/Src/stm32f3xx_hal.c **** /**
 371:Drivers/STM32F3xx_HAL_Driver/Src/stm32f3xx_hal.c ****   * @brief  Returns the device revision identifier.
 372:Drivers/STM32F3xx_HAL_Driver/Src/stm32f3xx_hal.c ****   * @retval Device revision identifier
 373:Drivers/STM32F3xx_HAL_Driver/Src/stm32f3xx_hal.c ****   */
 374:Drivers/STM32F3xx_HAL_Driver/Src/stm32f3xx_hal.c **** uint32_t HAL_GetREVID(void)
 375:Drivers/STM32F3xx_HAL_Driver/Src/stm32f3xx_hal.c **** {
 398              		.loc 1 375 0
 399              		.cfi_startproc
 400              		@ args = 0, pretend = 0, frame = 0
 401              		@ frame_needed = 0, uses_anonymous_args = 0
 402              		@ link register save eliminated.
 376:Drivers/STM32F3xx_HAL_Driver/Src/stm32f3xx_hal.c ****   return((DBGMCU->IDCODE) >> 16U);
 403              		.loc 1 376 0
 404 0000 014B     		ldr	r3, .L35
 405 0002 1868     		ldr	r0, [r3]
 377:Drivers/STM32F3xx_HAL_Driver/Src/stm32f3xx_hal.c **** }
 406              		.loc 1 377 0
 407 0004 000C     		lsrs	r0, r0, #16
 408 0006 7047     		bx	lr
 409              	.L36:
 410              		.align	2
 411              	.L35:
 412 0008 002004E0 		.word	-536600576
 413              		.cfi_endproc
 414              	.LFE135:
 416              		.section	.text.HAL_GetDEVID,"ax",%progbits
 417              		.align	1
 418              		.global	HAL_GetDEVID
 419              		.syntax unified
 420              		.thumb
 421              		.thumb_func
 422              		.fpu fpv4-sp-d16
 424              	HAL_GetDEVID:
 425              	.LFB136:
 378:Drivers/STM32F3xx_HAL_Driver/Src/stm32f3xx_hal.c **** 
 379:Drivers/STM32F3xx_HAL_Driver/Src/stm32f3xx_hal.c **** /**
 380:Drivers/STM32F3xx_HAL_Driver/Src/stm32f3xx_hal.c ****   * @brief  Returns the device identifier.
 381:Drivers/STM32F3xx_HAL_Driver/Src/stm32f3xx_hal.c ****   * @retval Device identifier
 382:Drivers/STM32F3xx_HAL_Driver/Src/stm32f3xx_hal.c ****   */
ARM GAS  /tmp/cc3OdGku.s 			page 15


 383:Drivers/STM32F3xx_HAL_Driver/Src/stm32f3xx_hal.c **** uint32_t HAL_GetDEVID(void)
 384:Drivers/STM32F3xx_HAL_Driver/Src/stm32f3xx_hal.c **** {
 426              		.loc 1 384 0
 427              		.cfi_startproc
 428              		@ args = 0, pretend = 0, frame = 0
 429              		@ frame_needed = 0, uses_anonymous_args = 0
 430              		@ link register save eliminated.
 385:Drivers/STM32F3xx_HAL_Driver/Src/stm32f3xx_hal.c ****   return((DBGMCU->IDCODE) & IDCODE_DEVID_MASK);
 431              		.loc 1 385 0
 432 0000 024B     		ldr	r3, .L38
 433 0002 1868     		ldr	r0, [r3]
 386:Drivers/STM32F3xx_HAL_Driver/Src/stm32f3xx_hal.c **** }
 434              		.loc 1 386 0
 435 0004 C0F30B00 		ubfx	r0, r0, #0, #12
 436 0008 7047     		bx	lr
 437              	.L39:
 438 000a 00BF     		.align	2
 439              	.L38:
 440 000c 002004E0 		.word	-536600576
 441              		.cfi_endproc
 442              	.LFE136:
 444              		.section	.text.HAL_GetUIDw0,"ax",%progbits
 445              		.align	1
 446              		.global	HAL_GetUIDw0
 447              		.syntax unified
 448              		.thumb
 449              		.thumb_func
 450              		.fpu fpv4-sp-d16
 452              	HAL_GetUIDw0:
 453              	.LFB137:
 387:Drivers/STM32F3xx_HAL_Driver/Src/stm32f3xx_hal.c **** 
 388:Drivers/STM32F3xx_HAL_Driver/Src/stm32f3xx_hal.c **** /**
 389:Drivers/STM32F3xx_HAL_Driver/Src/stm32f3xx_hal.c ****   * @brief  Returns first word of the unique device identifier (UID based on 96 bits)
 390:Drivers/STM32F3xx_HAL_Driver/Src/stm32f3xx_hal.c ****   * @retval Device identifier
 391:Drivers/STM32F3xx_HAL_Driver/Src/stm32f3xx_hal.c ****   */
 392:Drivers/STM32F3xx_HAL_Driver/Src/stm32f3xx_hal.c **** uint32_t HAL_GetUIDw0(void)
 393:Drivers/STM32F3xx_HAL_Driver/Src/stm32f3xx_hal.c **** {
 454              		.loc 1 393 0
 455              		.cfi_startproc
 456              		@ args = 0, pretend = 0, frame = 0
 457              		@ frame_needed = 0, uses_anonymous_args = 0
 458              		@ link register save eliminated.
 394:Drivers/STM32F3xx_HAL_Driver/Src/stm32f3xx_hal.c ****    return(READ_REG(*((uint32_t *)UID_BASE)));
 395:Drivers/STM32F3xx_HAL_Driver/Src/stm32f3xx_hal.c **** }
 459              		.loc 1 395 0
 460 0000 014B     		ldr	r3, .L41
 461 0002 1868     		ldr	r0, [r3]
 462 0004 7047     		bx	lr
 463              	.L42:
 464 0006 00BF     		.align	2
 465              	.L41:
 466 0008 ACF7FF1F 		.word	536868780
 467              		.cfi_endproc
 468              	.LFE137:
 470              		.section	.text.HAL_GetUIDw1,"ax",%progbits
 471              		.align	1
 472              		.global	HAL_GetUIDw1
ARM GAS  /tmp/cc3OdGku.s 			page 16


 473              		.syntax unified
 474              		.thumb
 475              		.thumb_func
 476              		.fpu fpv4-sp-d16
 478              	HAL_GetUIDw1:
 479              	.LFB138:
 396:Drivers/STM32F3xx_HAL_Driver/Src/stm32f3xx_hal.c **** 
 397:Drivers/STM32F3xx_HAL_Driver/Src/stm32f3xx_hal.c **** /**
 398:Drivers/STM32F3xx_HAL_Driver/Src/stm32f3xx_hal.c ****   * @brief  Returns second word of the unique device identifier (UID based on 96 bits)
 399:Drivers/STM32F3xx_HAL_Driver/Src/stm32f3xx_hal.c ****   * @retval Device identifier
 400:Drivers/STM32F3xx_HAL_Driver/Src/stm32f3xx_hal.c ****   */
 401:Drivers/STM32F3xx_HAL_Driver/Src/stm32f3xx_hal.c **** uint32_t HAL_GetUIDw1(void)
 402:Drivers/STM32F3xx_HAL_Driver/Src/stm32f3xx_hal.c **** {
 480              		.loc 1 402 0
 481              		.cfi_startproc
 482              		@ args = 0, pretend = 0, frame = 0
 483              		@ frame_needed = 0, uses_anonymous_args = 0
 484              		@ link register save eliminated.
 403:Drivers/STM32F3xx_HAL_Driver/Src/stm32f3xx_hal.c ****    return(READ_REG(*((uint32_t *)(UID_BASE + 4U))));
 404:Drivers/STM32F3xx_HAL_Driver/Src/stm32f3xx_hal.c **** }
 485              		.loc 1 404 0
 486 0000 014B     		ldr	r3, .L44
 487 0002 1868     		ldr	r0, [r3]
 488 0004 7047     		bx	lr
 489              	.L45:
 490 0006 00BF     		.align	2
 491              	.L44:
 492 0008 B0F7FF1F 		.word	536868784
 493              		.cfi_endproc
 494              	.LFE138:
 496              		.section	.text.HAL_GetUIDw2,"ax",%progbits
 497              		.align	1
 498              		.global	HAL_GetUIDw2
 499              		.syntax unified
 500              		.thumb
 501              		.thumb_func
 502              		.fpu fpv4-sp-d16
 504              	HAL_GetUIDw2:
 505              	.LFB139:
 405:Drivers/STM32F3xx_HAL_Driver/Src/stm32f3xx_hal.c **** 
 406:Drivers/STM32F3xx_HAL_Driver/Src/stm32f3xx_hal.c **** /**
 407:Drivers/STM32F3xx_HAL_Driver/Src/stm32f3xx_hal.c ****   * @brief  Returns third word of the unique device identifier (UID based on 96 bits)
 408:Drivers/STM32F3xx_HAL_Driver/Src/stm32f3xx_hal.c ****   * @retval Device identifier
 409:Drivers/STM32F3xx_HAL_Driver/Src/stm32f3xx_hal.c ****   */
 410:Drivers/STM32F3xx_HAL_Driver/Src/stm32f3xx_hal.c **** uint32_t HAL_GetUIDw2(void)
 411:Drivers/STM32F3xx_HAL_Driver/Src/stm32f3xx_hal.c **** {
 506              		.loc 1 411 0
 507              		.cfi_startproc
 508              		@ args = 0, pretend = 0, frame = 0
 509              		@ frame_needed = 0, uses_anonymous_args = 0
 510              		@ link register save eliminated.
 412:Drivers/STM32F3xx_HAL_Driver/Src/stm32f3xx_hal.c ****    return(READ_REG(*((uint32_t *)(UID_BASE + 8U))));
 413:Drivers/STM32F3xx_HAL_Driver/Src/stm32f3xx_hal.c **** }
 511              		.loc 1 413 0
 512 0000 014B     		ldr	r3, .L47
 513 0002 1868     		ldr	r0, [r3]
 514 0004 7047     		bx	lr
ARM GAS  /tmp/cc3OdGku.s 			page 17


 515              	.L48:
 516 0006 00BF     		.align	2
 517              	.L47:
 518 0008 B4F7FF1F 		.word	536868788
 519              		.cfi_endproc
 520              	.LFE139:
 522              		.section	.text.HAL_DBGMCU_EnableDBGSleepMode,"ax",%progbits
 523              		.align	1
 524              		.global	HAL_DBGMCU_EnableDBGSleepMode
 525              		.syntax unified
 526              		.thumb
 527              		.thumb_func
 528              		.fpu fpv4-sp-d16
 530              	HAL_DBGMCU_EnableDBGSleepMode:
 531              	.LFB140:
 414:Drivers/STM32F3xx_HAL_Driver/Src/stm32f3xx_hal.c **** 
 415:Drivers/STM32F3xx_HAL_Driver/Src/stm32f3xx_hal.c **** /**
 416:Drivers/STM32F3xx_HAL_Driver/Src/stm32f3xx_hal.c ****   * @brief  Enable the Debug Module during SLEEP mode
 417:Drivers/STM32F3xx_HAL_Driver/Src/stm32f3xx_hal.c ****   * @retval None
 418:Drivers/STM32F3xx_HAL_Driver/Src/stm32f3xx_hal.c ****   */
 419:Drivers/STM32F3xx_HAL_Driver/Src/stm32f3xx_hal.c **** void HAL_DBGMCU_EnableDBGSleepMode(void)
 420:Drivers/STM32F3xx_HAL_Driver/Src/stm32f3xx_hal.c **** {
 532              		.loc 1 420 0
 533              		.cfi_startproc
 534              		@ args = 0, pretend = 0, frame = 0
 535              		@ frame_needed = 0, uses_anonymous_args = 0
 536              		@ link register save eliminated.
 421:Drivers/STM32F3xx_HAL_Driver/Src/stm32f3xx_hal.c ****   SET_BIT(DBGMCU->CR, DBGMCU_CR_DBG_SLEEP);
 537              		.loc 1 421 0
 538 0000 024A     		ldr	r2, .L50
 539 0002 5368     		ldr	r3, [r2, #4]
 540 0004 43F00103 		orr	r3, r3, #1
 541 0008 5360     		str	r3, [r2, #4]
 542 000a 7047     		bx	lr
 543              	.L51:
 544              		.align	2
 545              	.L50:
 546 000c 002004E0 		.word	-536600576
 547              		.cfi_endproc
 548              	.LFE140:
 550              		.section	.text.HAL_DBGMCU_DisableDBGSleepMode,"ax",%progbits
 551              		.align	1
 552              		.global	HAL_DBGMCU_DisableDBGSleepMode
 553              		.syntax unified
 554              		.thumb
 555              		.thumb_func
 556              		.fpu fpv4-sp-d16
 558              	HAL_DBGMCU_DisableDBGSleepMode:
 559              	.LFB141:
 422:Drivers/STM32F3xx_HAL_Driver/Src/stm32f3xx_hal.c **** }
 423:Drivers/STM32F3xx_HAL_Driver/Src/stm32f3xx_hal.c **** 
 424:Drivers/STM32F3xx_HAL_Driver/Src/stm32f3xx_hal.c **** /**
 425:Drivers/STM32F3xx_HAL_Driver/Src/stm32f3xx_hal.c ****   * @brief  Disable the Debug Module during SLEEP mode
 426:Drivers/STM32F3xx_HAL_Driver/Src/stm32f3xx_hal.c ****   * @retval None
 427:Drivers/STM32F3xx_HAL_Driver/Src/stm32f3xx_hal.c ****   */
 428:Drivers/STM32F3xx_HAL_Driver/Src/stm32f3xx_hal.c **** void HAL_DBGMCU_DisableDBGSleepMode(void)
 429:Drivers/STM32F3xx_HAL_Driver/Src/stm32f3xx_hal.c **** {
ARM GAS  /tmp/cc3OdGku.s 			page 18


 560              		.loc 1 429 0
 561              		.cfi_startproc
 562              		@ args = 0, pretend = 0, frame = 0
 563              		@ frame_needed = 0, uses_anonymous_args = 0
 564              		@ link register save eliminated.
 430:Drivers/STM32F3xx_HAL_Driver/Src/stm32f3xx_hal.c ****   CLEAR_BIT(DBGMCU->CR, DBGMCU_CR_DBG_SLEEP);
 565              		.loc 1 430 0
 566 0000 024A     		ldr	r2, .L53
 567 0002 5368     		ldr	r3, [r2, #4]
 568 0004 23F00103 		bic	r3, r3, #1
 569 0008 5360     		str	r3, [r2, #4]
 570 000a 7047     		bx	lr
 571              	.L54:
 572              		.align	2
 573              	.L53:
 574 000c 002004E0 		.word	-536600576
 575              		.cfi_endproc
 576              	.LFE141:
 578              		.section	.text.HAL_DBGMCU_EnableDBGStopMode,"ax",%progbits
 579              		.align	1
 580              		.global	HAL_DBGMCU_EnableDBGStopMode
 581              		.syntax unified
 582              		.thumb
 583              		.thumb_func
 584              		.fpu fpv4-sp-d16
 586              	HAL_DBGMCU_EnableDBGStopMode:
 587              	.LFB142:
 431:Drivers/STM32F3xx_HAL_Driver/Src/stm32f3xx_hal.c **** }
 432:Drivers/STM32F3xx_HAL_Driver/Src/stm32f3xx_hal.c **** 
 433:Drivers/STM32F3xx_HAL_Driver/Src/stm32f3xx_hal.c **** /**
 434:Drivers/STM32F3xx_HAL_Driver/Src/stm32f3xx_hal.c ****   * @brief  Enable the Debug Module during STOP mode
 435:Drivers/STM32F3xx_HAL_Driver/Src/stm32f3xx_hal.c ****   * @retval None
 436:Drivers/STM32F3xx_HAL_Driver/Src/stm32f3xx_hal.c ****   */
 437:Drivers/STM32F3xx_HAL_Driver/Src/stm32f3xx_hal.c **** void HAL_DBGMCU_EnableDBGStopMode(void)
 438:Drivers/STM32F3xx_HAL_Driver/Src/stm32f3xx_hal.c **** {
 588              		.loc 1 438 0
 589              		.cfi_startproc
 590              		@ args = 0, pretend = 0, frame = 0
 591              		@ frame_needed = 0, uses_anonymous_args = 0
 592              		@ link register save eliminated.
 439:Drivers/STM32F3xx_HAL_Driver/Src/stm32f3xx_hal.c ****   SET_BIT(DBGMCU->CR, DBGMCU_CR_DBG_STOP);
 593              		.loc 1 439 0
 594 0000 024A     		ldr	r2, .L56
 595 0002 5368     		ldr	r3, [r2, #4]
 596 0004 43F00203 		orr	r3, r3, #2
 597 0008 5360     		str	r3, [r2, #4]
 598 000a 7047     		bx	lr
 599              	.L57:
 600              		.align	2
 601              	.L56:
 602 000c 002004E0 		.word	-536600576
 603              		.cfi_endproc
 604              	.LFE142:
 606              		.section	.text.HAL_DBGMCU_DisableDBGStopMode,"ax",%progbits
 607              		.align	1
 608              		.global	HAL_DBGMCU_DisableDBGStopMode
 609              		.syntax unified
ARM GAS  /tmp/cc3OdGku.s 			page 19


 610              		.thumb
 611              		.thumb_func
 612              		.fpu fpv4-sp-d16
 614              	HAL_DBGMCU_DisableDBGStopMode:
 615              	.LFB143:
 440:Drivers/STM32F3xx_HAL_Driver/Src/stm32f3xx_hal.c **** }
 441:Drivers/STM32F3xx_HAL_Driver/Src/stm32f3xx_hal.c **** 
 442:Drivers/STM32F3xx_HAL_Driver/Src/stm32f3xx_hal.c **** /**
 443:Drivers/STM32F3xx_HAL_Driver/Src/stm32f3xx_hal.c ****   * @brief  Disable the Debug Module during STOP mode
 444:Drivers/STM32F3xx_HAL_Driver/Src/stm32f3xx_hal.c ****   * @retval None
 445:Drivers/STM32F3xx_HAL_Driver/Src/stm32f3xx_hal.c ****   */
 446:Drivers/STM32F3xx_HAL_Driver/Src/stm32f3xx_hal.c **** void HAL_DBGMCU_DisableDBGStopMode(void)
 447:Drivers/STM32F3xx_HAL_Driver/Src/stm32f3xx_hal.c **** {
 616              		.loc 1 447 0
 617              		.cfi_startproc
 618              		@ args = 0, pretend = 0, frame = 0
 619              		@ frame_needed = 0, uses_anonymous_args = 0
 620              		@ link register save eliminated.
 448:Drivers/STM32F3xx_HAL_Driver/Src/stm32f3xx_hal.c ****   CLEAR_BIT(DBGMCU->CR, DBGMCU_CR_DBG_STOP);
 621              		.loc 1 448 0
 622 0000 024A     		ldr	r2, .L59
 623 0002 5368     		ldr	r3, [r2, #4]
 624 0004 23F00203 		bic	r3, r3, #2
 625 0008 5360     		str	r3, [r2, #4]
 626 000a 7047     		bx	lr
 627              	.L60:
 628              		.align	2
 629              	.L59:
 630 000c 002004E0 		.word	-536600576
 631              		.cfi_endproc
 632              	.LFE143:
 634              		.section	.text.HAL_DBGMCU_EnableDBGStandbyMode,"ax",%progbits
 635              		.align	1
 636              		.global	HAL_DBGMCU_EnableDBGStandbyMode
 637              		.syntax unified
 638              		.thumb
 639              		.thumb_func
 640              		.fpu fpv4-sp-d16
 642              	HAL_DBGMCU_EnableDBGStandbyMode:
 643              	.LFB144:
 449:Drivers/STM32F3xx_HAL_Driver/Src/stm32f3xx_hal.c **** }
 450:Drivers/STM32F3xx_HAL_Driver/Src/stm32f3xx_hal.c **** 
 451:Drivers/STM32F3xx_HAL_Driver/Src/stm32f3xx_hal.c **** /**
 452:Drivers/STM32F3xx_HAL_Driver/Src/stm32f3xx_hal.c ****   * @brief  Enable the Debug Module during STANDBY mode
 453:Drivers/STM32F3xx_HAL_Driver/Src/stm32f3xx_hal.c ****   * @retval None
 454:Drivers/STM32F3xx_HAL_Driver/Src/stm32f3xx_hal.c ****   */
 455:Drivers/STM32F3xx_HAL_Driver/Src/stm32f3xx_hal.c **** void HAL_DBGMCU_EnableDBGStandbyMode(void)
 456:Drivers/STM32F3xx_HAL_Driver/Src/stm32f3xx_hal.c **** {
 644              		.loc 1 456 0
 645              		.cfi_startproc
 646              		@ args = 0, pretend = 0, frame = 0
 647              		@ frame_needed = 0, uses_anonymous_args = 0
 648              		@ link register save eliminated.
 457:Drivers/STM32F3xx_HAL_Driver/Src/stm32f3xx_hal.c ****   SET_BIT(DBGMCU->CR, DBGMCU_CR_DBG_STANDBY);
 649              		.loc 1 457 0
 650 0000 024A     		ldr	r2, .L62
 651 0002 5368     		ldr	r3, [r2, #4]
ARM GAS  /tmp/cc3OdGku.s 			page 20


 652 0004 43F00403 		orr	r3, r3, #4
 653 0008 5360     		str	r3, [r2, #4]
 654 000a 7047     		bx	lr
 655              	.L63:
 656              		.align	2
 657              	.L62:
 658 000c 002004E0 		.word	-536600576
 659              		.cfi_endproc
 660              	.LFE144:
 662              		.section	.text.HAL_DBGMCU_DisableDBGStandbyMode,"ax",%progbits
 663              		.align	1
 664              		.global	HAL_DBGMCU_DisableDBGStandbyMode
 665              		.syntax unified
 666              		.thumb
 667              		.thumb_func
 668              		.fpu fpv4-sp-d16
 670              	HAL_DBGMCU_DisableDBGStandbyMode:
 671              	.LFB145:
 458:Drivers/STM32F3xx_HAL_Driver/Src/stm32f3xx_hal.c **** }
 459:Drivers/STM32F3xx_HAL_Driver/Src/stm32f3xx_hal.c **** 
 460:Drivers/STM32F3xx_HAL_Driver/Src/stm32f3xx_hal.c **** /**
 461:Drivers/STM32F3xx_HAL_Driver/Src/stm32f3xx_hal.c ****   * @brief  Disable the Debug Module during STANDBY mode
 462:Drivers/STM32F3xx_HAL_Driver/Src/stm32f3xx_hal.c ****   * @retval None
 463:Drivers/STM32F3xx_HAL_Driver/Src/stm32f3xx_hal.c ****   */
 464:Drivers/STM32F3xx_HAL_Driver/Src/stm32f3xx_hal.c **** void HAL_DBGMCU_DisableDBGStandbyMode(void)
 465:Drivers/STM32F3xx_HAL_Driver/Src/stm32f3xx_hal.c **** {
 672              		.loc 1 465 0
 673              		.cfi_startproc
 674              		@ args = 0, pretend = 0, frame = 0
 675              		@ frame_needed = 0, uses_anonymous_args = 0
 676              		@ link register save eliminated.
 466:Drivers/STM32F3xx_HAL_Driver/Src/stm32f3xx_hal.c ****   CLEAR_BIT(DBGMCU->CR, DBGMCU_CR_DBG_STANDBY);
 677              		.loc 1 466 0
 678 0000 024A     		ldr	r2, .L65
 679 0002 5368     		ldr	r3, [r2, #4]
 680 0004 23F00403 		bic	r3, r3, #4
 681 0008 5360     		str	r3, [r2, #4]
 682 000a 7047     		bx	lr
 683              	.L66:
 684              		.align	2
 685              	.L65:
 686 000c 002004E0 		.word	-536600576
 687              		.cfi_endproc
 688              	.LFE145:
 690              		.comm	uwTick,4,4
 691              		.text
 692              	.Letext0:
 693              		.file 2 "/home/venturus/gcc-arm-none-eabi-6-2017-q2-update/arm-none-eabi/include/machine/_default_
 694              		.file 3 "/home/venturus/gcc-arm-none-eabi-6-2017-q2-update/arm-none-eabi/include/sys/_stdint.h"
 695              		.file 4 "Drivers/CMSIS/Include/core_cm4.h"
 696              		.file 5 "Drivers/CMSIS/Device/ST/STM32F3xx/Include/system_stm32f3xx.h"
 697              		.file 6 "Drivers/CMSIS/Device/ST/STM32F3xx/Include/stm32f334x8.h"
 698              		.file 7 "/home/venturus/gcc-arm-none-eabi-6-2017-q2-update/arm-none-eabi/include/sys/lock.h"
 699              		.file 8 "/home/venturus/gcc-arm-none-eabi-6-2017-q2-update/arm-none-eabi/include/sys/_types.h"
 700              		.file 9 "/home/venturus/gcc-arm-none-eabi-6-2017-q2-update/lib/gcc/arm-none-eabi/6.3.1/include/std
 701              		.file 10 "/home/venturus/gcc-arm-none-eabi-6-2017-q2-update/arm-none-eabi/include/sys/reent.h"
 702              		.file 11 "Drivers/STM32F3xx_HAL_Driver/Inc/stm32f3xx_hal_def.h"
ARM GAS  /tmp/cc3OdGku.s 			page 21


 703              		.file 12 "Drivers/STM32F3xx_HAL_Driver/Inc/stm32f3xx_hal_cortex.h"
ARM GAS  /tmp/cc3OdGku.s 			page 22


DEFINED SYMBOLS
                            *ABS*:0000000000000000 stm32f3xx_hal.c
     /tmp/cc3OdGku.s:18     .text.HAL_MspInit:0000000000000000 $t
     /tmp/cc3OdGku.s:25     .text.HAL_MspInit:0000000000000000 HAL_MspInit
     /tmp/cc3OdGku.s:38     .text.HAL_MspDeInit:0000000000000000 $t
     /tmp/cc3OdGku.s:45     .text.HAL_MspDeInit:0000000000000000 HAL_MspDeInit
     /tmp/cc3OdGku.s:57     .text.HAL_DeInit:0000000000000000 $t
     /tmp/cc3OdGku.s:64     .text.HAL_DeInit:0000000000000000 HAL_DeInit
     /tmp/cc3OdGku.s:100    .text.HAL_DeInit:0000000000000020 $d
     /tmp/cc3OdGku.s:105    .text.HAL_InitTick:0000000000000000 $t
     /tmp/cc3OdGku.s:112    .text.HAL_InitTick:0000000000000000 HAL_InitTick
     /tmp/cc3OdGku.s:147    .text.HAL_InitTick:0000000000000024 $d
     /tmp/cc3OdGku.s:153    .text.HAL_Init:0000000000000000 $t
     /tmp/cc3OdGku.s:160    .text.HAL_Init:0000000000000000 HAL_Init
     /tmp/cc3OdGku.s:193    .text.HAL_Init:0000000000000020 $d
     /tmp/cc3OdGku.s:198    .text.HAL_IncTick:0000000000000000 $t
     /tmp/cc3OdGku.s:205    .text.HAL_IncTick:0000000000000000 HAL_IncTick
     /tmp/cc3OdGku.s:221    .text.HAL_IncTick:000000000000000c $d
                            *COM*:0000000000000004 uwTick
     /tmp/cc3OdGku.s:226    .text.HAL_GetTick:0000000000000000 $t
     /tmp/cc3OdGku.s:233    .text.HAL_GetTick:0000000000000000 HAL_GetTick
     /tmp/cc3OdGku.s:248    .text.HAL_GetTick:0000000000000008 $d
     /tmp/cc3OdGku.s:253    .text.HAL_Delay:0000000000000000 $t
     /tmp/cc3OdGku.s:260    .text.HAL_Delay:0000000000000000 HAL_Delay
     /tmp/cc3OdGku.s:308    .text.HAL_SuspendTick:0000000000000000 $t
     /tmp/cc3OdGku.s:315    .text.HAL_SuspendTick:0000000000000000 HAL_SuspendTick
     /tmp/cc3OdGku.s:331    .text.HAL_SuspendTick:000000000000000c $d
     /tmp/cc3OdGku.s:336    .text.HAL_ResumeTick:0000000000000000 $t
     /tmp/cc3OdGku.s:343    .text.HAL_ResumeTick:0000000000000000 HAL_ResumeTick
     /tmp/cc3OdGku.s:359    .text.HAL_ResumeTick:000000000000000c $d
     /tmp/cc3OdGku.s:364    .text.HAL_GetHalVersion:0000000000000000 $t
     /tmp/cc3OdGku.s:371    .text.HAL_GetHalVersion:0000000000000000 HAL_GetHalVersion
     /tmp/cc3OdGku.s:384    .text.HAL_GetHalVersion:0000000000000004 $d
     /tmp/cc3OdGku.s:389    .text.HAL_GetREVID:0000000000000000 $t
     /tmp/cc3OdGku.s:396    .text.HAL_GetREVID:0000000000000000 HAL_GetREVID
     /tmp/cc3OdGku.s:412    .text.HAL_GetREVID:0000000000000008 $d
     /tmp/cc3OdGku.s:417    .text.HAL_GetDEVID:0000000000000000 $t
     /tmp/cc3OdGku.s:424    .text.HAL_GetDEVID:0000000000000000 HAL_GetDEVID
     /tmp/cc3OdGku.s:440    .text.HAL_GetDEVID:000000000000000c $d
     /tmp/cc3OdGku.s:445    .text.HAL_GetUIDw0:0000000000000000 $t
     /tmp/cc3OdGku.s:452    .text.HAL_GetUIDw0:0000000000000000 HAL_GetUIDw0
     /tmp/cc3OdGku.s:466    .text.HAL_GetUIDw0:0000000000000008 $d
     /tmp/cc3OdGku.s:471    .text.HAL_GetUIDw1:0000000000000000 $t
     /tmp/cc3OdGku.s:478    .text.HAL_GetUIDw1:0000000000000000 HAL_GetUIDw1
     /tmp/cc3OdGku.s:492    .text.HAL_GetUIDw1:0000000000000008 $d
     /tmp/cc3OdGku.s:497    .text.HAL_GetUIDw2:0000000000000000 $t
     /tmp/cc3OdGku.s:504    .text.HAL_GetUIDw2:0000000000000000 HAL_GetUIDw2
     /tmp/cc3OdGku.s:518    .text.HAL_GetUIDw2:0000000000000008 $d
     /tmp/cc3OdGku.s:523    .text.HAL_DBGMCU_EnableDBGSleepMode:0000000000000000 $t
     /tmp/cc3OdGku.s:530    .text.HAL_DBGMCU_EnableDBGSleepMode:0000000000000000 HAL_DBGMCU_EnableDBGSleepMode
     /tmp/cc3OdGku.s:546    .text.HAL_DBGMCU_EnableDBGSleepMode:000000000000000c $d
     /tmp/cc3OdGku.s:551    .text.HAL_DBGMCU_DisableDBGSleepMode:0000000000000000 $t
     /tmp/cc3OdGku.s:558    .text.HAL_DBGMCU_DisableDBGSleepMode:0000000000000000 HAL_DBGMCU_DisableDBGSleepMode
     /tmp/cc3OdGku.s:574    .text.HAL_DBGMCU_DisableDBGSleepMode:000000000000000c $d
     /tmp/cc3OdGku.s:579    .text.HAL_DBGMCU_EnableDBGStopMode:0000000000000000 $t
     /tmp/cc3OdGku.s:586    .text.HAL_DBGMCU_EnableDBGStopMode:0000000000000000 HAL_DBGMCU_EnableDBGStopMode
     /tmp/cc3OdGku.s:602    .text.HAL_DBGMCU_EnableDBGStopMode:000000000000000c $d
ARM GAS  /tmp/cc3OdGku.s 			page 23


     /tmp/cc3OdGku.s:607    .text.HAL_DBGMCU_DisableDBGStopMode:0000000000000000 $t
     /tmp/cc3OdGku.s:614    .text.HAL_DBGMCU_DisableDBGStopMode:0000000000000000 HAL_DBGMCU_DisableDBGStopMode
     /tmp/cc3OdGku.s:630    .text.HAL_DBGMCU_DisableDBGStopMode:000000000000000c $d
     /tmp/cc3OdGku.s:635    .text.HAL_DBGMCU_EnableDBGStandbyMode:0000000000000000 $t
     /tmp/cc3OdGku.s:642    .text.HAL_DBGMCU_EnableDBGStandbyMode:0000000000000000 HAL_DBGMCU_EnableDBGStandbyMode
     /tmp/cc3OdGku.s:658    .text.HAL_DBGMCU_EnableDBGStandbyMode:000000000000000c $d
     /tmp/cc3OdGku.s:663    .text.HAL_DBGMCU_DisableDBGStandbyMode:0000000000000000 $t
     /tmp/cc3OdGku.s:670    .text.HAL_DBGMCU_DisableDBGStandbyMode:0000000000000000 HAL_DBGMCU_DisableDBGStandbyMode
     /tmp/cc3OdGku.s:686    .text.HAL_DBGMCU_DisableDBGStandbyMode:000000000000000c $d
                     .debug_frame:0000000000000010 $d

UNDEFINED SYMBOLS
HAL_SYSTICK_Config
HAL_NVIC_SetPriority
SystemCoreClock
HAL_NVIC_SetPriorityGrouping
