ARM GAS  /tmp/cc5KpMtr.s 			page 1


   1              		.cpu cortex-m4
   2              		.eabi_attribute 27, 1
   3              		.eabi_attribute 28, 1
   4              		.eabi_attribute 20, 1
   5              		.eabi_attribute 21, 1
   6              		.eabi_attribute 23, 3
   7              		.eabi_attribute 24, 1
   8              		.eabi_attribute 25, 1
   9              		.eabi_attribute 26, 1
  10              		.eabi_attribute 30, 1
  11              		.eabi_attribute 34, 1
  12              		.eabi_attribute 18, 4
  13              		.file	"usart.c"
  14              		.text
  15              	.Ltext0:
  16              		.cfi_sections	.debug_frame
  17              		.section	.text.MX_USART1_UART_Init,"ax",%progbits
  18              		.align	1
  19              		.global	MX_USART1_UART_Init
  20              		.syntax unified
  21              		.thumb
  22              		.thumb_func
  23              		.fpu fpv4-sp-d16
  25              	MX_USART1_UART_Init:
  26              	.LFB124:
  27              		.file 1 "Src/usart.c"
   1:Src/usart.c   **** /**
   2:Src/usart.c   ****   ******************************************************************************
   3:Src/usart.c   ****   * File Name          : USART.c
   4:Src/usart.c   ****   * Description        : This file provides code for the configuration
   5:Src/usart.c   ****   *                      of the USART instances.
   6:Src/usart.c   ****   ******************************************************************************
   7:Src/usart.c   ****   ** This notice applies to any and all portions of this file
   8:Src/usart.c   ****   * that are not between comment pairs USER CODE BEGIN and
   9:Src/usart.c   ****   * USER CODE END. Other portions of this file, whether 
  10:Src/usart.c   ****   * inserted by the user or by software development tools
  11:Src/usart.c   ****   * are owned by their respective copyright owners.
  12:Src/usart.c   ****   *
  13:Src/usart.c   ****   * COPYRIGHT(c) 2017 STMicroelectronics
  14:Src/usart.c   ****   *
  15:Src/usart.c   ****   * Redistribution and use in source and binary forms, with or without modification,
  16:Src/usart.c   ****   * are permitted provided that the following conditions are met:
  17:Src/usart.c   ****   *   1. Redistributions of source code must retain the above copyright notice,
  18:Src/usart.c   ****   *      this list of conditions and the following disclaimer.
  19:Src/usart.c   ****   *   2. Redistributions in binary form must reproduce the above copyright notice,
  20:Src/usart.c   ****   *      this list of conditions and the following disclaimer in the documentation
  21:Src/usart.c   ****   *      and/or other materials provided with the distribution.
  22:Src/usart.c   ****   *   3. Neither the name of STMicroelectronics nor the names of its contributors
  23:Src/usart.c   ****   *      may be used to endorse or promote products derived from this software
  24:Src/usart.c   ****   *      without specific prior written permission.
  25:Src/usart.c   ****   *
  26:Src/usart.c   ****   * THIS SOFTWARE IS PROVIDED BY THE COPYRIGHT HOLDERS AND CONTRIBUTORS "AS IS"
  27:Src/usart.c   ****   * AND ANY EXPRESS OR IMPLIED WARRANTIES, INCLUDING, BUT NOT LIMITED TO, THE
  28:Src/usart.c   ****   * IMPLIED WARRANTIES OF MERCHANTABILITY AND FITNESS FOR A PARTICULAR PURPOSE ARE
  29:Src/usart.c   ****   * DISCLAIMED. IN NO EVENT SHALL THE COPYRIGHT HOLDER OR CONTRIBUTORS BE LIABLE
  30:Src/usart.c   ****   * FOR ANY DIRECT, INDIRECT, INCIDENTAL, SPECIAL, EXEMPLARY, OR CONSEQUENTIAL
  31:Src/usart.c   ****   * DAMAGES (INCLUDING, BUT NOT LIMITED TO, PROCUREMENT OF SUBSTITUTE GOODS OR
ARM GAS  /tmp/cc5KpMtr.s 			page 2


  32:Src/usart.c   ****   * SERVICES; LOSS OF USE, DATA, OR PROFITS; OR BUSINESS INTERRUPTION) HOWEVER
  33:Src/usart.c   ****   * CAUSED AND ON ANY THEORY OF LIABILITY, WHETHER IN CONTRACT, STRICT LIABILITY,
  34:Src/usart.c   ****   * OR TORT (INCLUDING NEGLIGENCE OR OTHERWISE) ARISING IN ANY WAY OUT OF THE USE
  35:Src/usart.c   ****   * OF THIS SOFTWARE, EVEN IF ADVISED OF THE POSSIBILITY OF SUCH DAMAGE.
  36:Src/usart.c   ****   *
  37:Src/usart.c   ****   ******************************************************************************
  38:Src/usart.c   ****   */
  39:Src/usart.c   **** 
  40:Src/usart.c   **** /* Includes ------------------------------------------------------------------*/
  41:Src/usart.c   **** #include "usart.h"
  42:Src/usart.c   **** 
  43:Src/usart.c   **** #include "gpio.h"
  44:Src/usart.c   **** 
  45:Src/usart.c   **** /* USER CODE BEGIN 0 */
  46:Src/usart.c   **** 
  47:Src/usart.c   **** /* USER CODE END 0 */
  48:Src/usart.c   **** 
  49:Src/usart.c   **** UART_HandleTypeDef huart1;
  50:Src/usart.c   **** 
  51:Src/usart.c   **** /* USART1 init function */
  52:Src/usart.c   **** 
  53:Src/usart.c   **** void MX_USART1_UART_Init(void)
  54:Src/usart.c   **** {
  28              		.loc 1 54 0
  29              		.cfi_startproc
  30              		@ args = 0, pretend = 0, frame = 0
  31              		@ frame_needed = 0, uses_anonymous_args = 0
  32 0000 08B5     		push	{r3, lr}
  33              	.LCFI0:
  34              		.cfi_def_cfa_offset 8
  35              		.cfi_offset 3, -8
  36              		.cfi_offset 14, -4
  55:Src/usart.c   **** 
  56:Src/usart.c   ****   huart1.Instance = USART1;
  37              		.loc 1 56 0
  38 0002 0C48     		ldr	r0, .L5
  39 0004 0C4B     		ldr	r3, .L5+4
  40 0006 0360     		str	r3, [r0]
  57:Src/usart.c   ****   huart1.Init.BaudRate = 115200;
  41              		.loc 1 57 0
  42 0008 4FF4E133 		mov	r3, #115200
  43 000c 4360     		str	r3, [r0, #4]
  58:Src/usart.c   ****   huart1.Init.WordLength = UART_WORDLENGTH_8B;
  44              		.loc 1 58 0
  45 000e 0023     		movs	r3, #0
  46 0010 8360     		str	r3, [r0, #8]
  59:Src/usart.c   ****   huart1.Init.StopBits = UART_STOPBITS_1;
  47              		.loc 1 59 0
  48 0012 C360     		str	r3, [r0, #12]
  60:Src/usart.c   ****   huart1.Init.Parity = UART_PARITY_NONE;
  49              		.loc 1 60 0
  50 0014 0361     		str	r3, [r0, #16]
  61:Src/usart.c   ****   huart1.Init.Mode = UART_MODE_TX_RX;
  51              		.loc 1 61 0
  52 0016 0C22     		movs	r2, #12
  53 0018 4261     		str	r2, [r0, #20]
  62:Src/usart.c   ****   huart1.Init.HwFlowCtl = UART_HWCONTROL_NONE;
ARM GAS  /tmp/cc5KpMtr.s 			page 3


  54              		.loc 1 62 0
  55 001a 8361     		str	r3, [r0, #24]
  63:Src/usart.c   ****   huart1.Init.OverSampling = UART_OVERSAMPLING_16;
  56              		.loc 1 63 0
  57 001c C361     		str	r3, [r0, #28]
  64:Src/usart.c   ****   huart1.Init.OneBitSampling = UART_ONE_BIT_SAMPLE_DISABLE;
  58              		.loc 1 64 0
  59 001e 0362     		str	r3, [r0, #32]
  65:Src/usart.c   ****   huart1.AdvancedInit.AdvFeatureInit = UART_ADVFEATURE_NO_INIT;
  60              		.loc 1 65 0
  61 0020 4362     		str	r3, [r0, #36]
  66:Src/usart.c   ****   if (HAL_UART_Init(&huart1) != HAL_OK)
  62              		.loc 1 66 0
  63 0022 FFF7FEFF 		bl	HAL_UART_Init
  64              	.LVL0:
  65 0026 00B9     		cbnz	r0, .L4
  66              	.L1:
  67 0028 08BD     		pop	{r3, pc}
  68              	.L4:
  67:Src/usart.c   ****   {
  68:Src/usart.c   ****     _Error_Handler(__FILE__, __LINE__);
  69              		.loc 1 68 0
  70 002a 4421     		movs	r1, #68
  71 002c 0348     		ldr	r0, .L5+8
  72 002e FFF7FEFF 		bl	_Error_Handler
  73              	.LVL1:
  69:Src/usart.c   ****   }
  70:Src/usart.c   **** 
  71:Src/usart.c   **** }
  74              		.loc 1 71 0
  75 0032 F9E7     		b	.L1
  76              	.L6:
  77              		.align	2
  78              	.L5:
  79 0034 00000000 		.word	huart1
  80 0038 00380140 		.word	1073821696
  81 003c 00000000 		.word	.LC0
  82              		.cfi_endproc
  83              	.LFE124:
  85              		.section	.text.HAL_UART_MspInit,"ax",%progbits
  86              		.align	1
  87              		.global	HAL_UART_MspInit
  88              		.syntax unified
  89              		.thumb
  90              		.thumb_func
  91              		.fpu fpv4-sp-d16
  93              	HAL_UART_MspInit:
  94              	.LFB125:
  72:Src/usart.c   **** 
  73:Src/usart.c   **** void HAL_UART_MspInit(UART_HandleTypeDef* uartHandle)
  74:Src/usart.c   **** {
  95              		.loc 1 74 0
  96              		.cfi_startproc
  97              		@ args = 0, pretend = 0, frame = 24
  98              		@ frame_needed = 0, uses_anonymous_args = 0
  99              	.LVL2:
  75:Src/usart.c   **** 
ARM GAS  /tmp/cc5KpMtr.s 			page 4


  76:Src/usart.c   ****   GPIO_InitTypeDef GPIO_InitStruct;
  77:Src/usart.c   ****   if(uartHandle->Instance==USART1)
 100              		.loc 1 77 0
 101 0000 0268     		ldr	r2, [r0]
 102 0002 164B     		ldr	r3, .L14
 103 0004 9A42     		cmp	r2, r3
 104 0006 00D0     		beq	.L13
 105 0008 7047     		bx	lr
 106              	.L13:
  74:Src/usart.c   **** 
 107              		.loc 1 74 0
 108 000a 00B5     		push	{lr}
 109              	.LCFI1:
 110              		.cfi_def_cfa_offset 4
 111              		.cfi_offset 14, -4
 112 000c 87B0     		sub	sp, sp, #28
 113              	.LCFI2:
 114              		.cfi_def_cfa_offset 32
 115              	.LBB2:
  78:Src/usart.c   ****   {
  79:Src/usart.c   ****   /* USER CODE BEGIN USART1_MspInit 0 */
  80:Src/usart.c   **** 
  81:Src/usart.c   ****   /* USER CODE END USART1_MspInit 0 */
  82:Src/usart.c   ****     /* USART1 clock enable */
  83:Src/usart.c   ****     __HAL_RCC_USART1_CLK_ENABLE();
 116              		.loc 1 83 0
 117 000e 03F55843 		add	r3, r3, #55296
 118 0012 9A69     		ldr	r2, [r3, #24]
 119 0014 42F48042 		orr	r2, r2, #16384
 120 0018 9A61     		str	r2, [r3, #24]
 121 001a 9B69     		ldr	r3, [r3, #24]
 122 001c 03F48043 		and	r3, r3, #16384
 123 0020 0093     		str	r3, [sp]
 124 0022 009B     		ldr	r3, [sp]
 125              	.LBE2:
  84:Src/usart.c   ****   
  85:Src/usart.c   ****     /**USART1 GPIO Configuration    
  86:Src/usart.c   ****     PA9     ------> USART1_TX
  87:Src/usart.c   ****     PA10     ------> USART1_RX 
  88:Src/usart.c   ****     */
  89:Src/usart.c   ****     GPIO_InitStruct.Pin = GPIO_PIN_9|GPIO_PIN_10;
 126              		.loc 1 89 0
 127 0024 4FF4C063 		mov	r3, #1536
 128 0028 0193     		str	r3, [sp, #4]
  90:Src/usart.c   ****     GPIO_InitStruct.Mode = GPIO_MODE_AF_PP;
 129              		.loc 1 90 0
 130 002a 0223     		movs	r3, #2
 131 002c 0293     		str	r3, [sp, #8]
  91:Src/usart.c   ****     GPIO_InitStruct.Pull = GPIO_PULLUP;
 132              		.loc 1 91 0
 133 002e 0123     		movs	r3, #1
 134 0030 0393     		str	r3, [sp, #12]
  92:Src/usart.c   ****     GPIO_InitStruct.Speed = GPIO_SPEED_FREQ_HIGH;
 135              		.loc 1 92 0
 136 0032 0323     		movs	r3, #3
 137 0034 0493     		str	r3, [sp, #16]
  93:Src/usart.c   ****     GPIO_InitStruct.Alternate = GPIO_AF7_USART1;
ARM GAS  /tmp/cc5KpMtr.s 			page 5


 138              		.loc 1 93 0
 139 0036 0723     		movs	r3, #7
 140 0038 0593     		str	r3, [sp, #20]
  94:Src/usart.c   ****     HAL_GPIO_Init(GPIOA, &GPIO_InitStruct);
 141              		.loc 1 94 0
 142 003a 01A9     		add	r1, sp, #4
 143 003c 4FF09040 		mov	r0, #1207959552
 144              	.LVL3:
 145 0040 FFF7FEFF 		bl	HAL_GPIO_Init
 146              	.LVL4:
  95:Src/usart.c   **** 
  96:Src/usart.c   ****     /* USART1 interrupt Init */
  97:Src/usart.c   ****     HAL_NVIC_SetPriority(USART1_IRQn, 0, 0);
 147              		.loc 1 97 0
 148 0044 0022     		movs	r2, #0
 149 0046 1146     		mov	r1, r2
 150 0048 2520     		movs	r0, #37
 151 004a FFF7FEFF 		bl	HAL_NVIC_SetPriority
 152              	.LVL5:
  98:Src/usart.c   ****     HAL_NVIC_EnableIRQ(USART1_IRQn);
 153              		.loc 1 98 0
 154 004e 2520     		movs	r0, #37
 155 0050 FFF7FEFF 		bl	HAL_NVIC_EnableIRQ
 156              	.LVL6:
  99:Src/usart.c   ****   /* USER CODE BEGIN USART1_MspInit 1 */
 100:Src/usart.c   **** 
 101:Src/usart.c   ****   /* USER CODE END USART1_MspInit 1 */
 102:Src/usart.c   ****   }
 103:Src/usart.c   **** }
 157              		.loc 1 103 0
 158 0054 07B0     		add	sp, sp, #28
 159              	.LCFI3:
 160              		.cfi_def_cfa_offset 4
 161              		@ sp needed
 162 0056 5DF804FB 		ldr	pc, [sp], #4
 163              	.L15:
 164 005a 00BF     		.align	2
 165              	.L14:
 166 005c 00380140 		.word	1073821696
 167              		.cfi_endproc
 168              	.LFE125:
 170              		.section	.text.HAL_UART_MspDeInit,"ax",%progbits
 171              		.align	1
 172              		.global	HAL_UART_MspDeInit
 173              		.syntax unified
 174              		.thumb
 175              		.thumb_func
 176              		.fpu fpv4-sp-d16
 178              	HAL_UART_MspDeInit:
 179              	.LFB126:
 104:Src/usart.c   **** 
 105:Src/usart.c   **** void HAL_UART_MspDeInit(UART_HandleTypeDef* uartHandle)
 106:Src/usart.c   **** {
 180              		.loc 1 106 0
 181              		.cfi_startproc
 182              		@ args = 0, pretend = 0, frame = 0
 183              		@ frame_needed = 0, uses_anonymous_args = 0
ARM GAS  /tmp/cc5KpMtr.s 			page 6


 184              	.LVL7:
 185 0000 08B5     		push	{r3, lr}
 186              	.LCFI4:
 187              		.cfi_def_cfa_offset 8
 188              		.cfi_offset 3, -8
 189              		.cfi_offset 14, -4
 107:Src/usart.c   **** 
 108:Src/usart.c   ****   if(uartHandle->Instance==USART1)
 190              		.loc 1 108 0
 191 0002 0268     		ldr	r2, [r0]
 192 0004 094B     		ldr	r3, .L20
 193 0006 9A42     		cmp	r2, r3
 194 0008 00D0     		beq	.L19
 195              	.LVL8:
 196              	.L16:
 197 000a 08BD     		pop	{r3, pc}
 198              	.LVL9:
 199              	.L19:
 109:Src/usart.c   ****   {
 110:Src/usart.c   ****   /* USER CODE BEGIN USART1_MspDeInit 0 */
 111:Src/usart.c   **** 
 112:Src/usart.c   ****   /* USER CODE END USART1_MspDeInit 0 */
 113:Src/usart.c   ****     /* Peripheral clock disable */
 114:Src/usart.c   ****     __HAL_RCC_USART1_CLK_DISABLE();
 200              		.loc 1 114 0
 201 000c 084A     		ldr	r2, .L20+4
 202 000e 9369     		ldr	r3, [r2, #24]
 203 0010 23F48043 		bic	r3, r3, #16384
 204 0014 9361     		str	r3, [r2, #24]
 115:Src/usart.c   ****   
 116:Src/usart.c   ****     /**USART1 GPIO Configuration    
 117:Src/usart.c   ****     PA9     ------> USART1_TX
 118:Src/usart.c   ****     PA10     ------> USART1_RX 
 119:Src/usart.c   ****     */
 120:Src/usart.c   ****     HAL_GPIO_DeInit(GPIOA, GPIO_PIN_9|GPIO_PIN_10);
 205              		.loc 1 120 0
 206 0016 4FF4C061 		mov	r1, #1536
 207 001a 4FF09040 		mov	r0, #1207959552
 208              	.LVL10:
 209 001e FFF7FEFF 		bl	HAL_GPIO_DeInit
 210              	.LVL11:
 121:Src/usart.c   **** 
 122:Src/usart.c   ****     /* USART1 interrupt Deinit */
 123:Src/usart.c   ****     HAL_NVIC_DisableIRQ(USART1_IRQn);
 211              		.loc 1 123 0
 212 0022 2520     		movs	r0, #37
 213 0024 FFF7FEFF 		bl	HAL_NVIC_DisableIRQ
 214              	.LVL12:
 124:Src/usart.c   ****   /* USER CODE BEGIN USART1_MspDeInit 1 */
 125:Src/usart.c   **** 
 126:Src/usart.c   ****   /* USER CODE END USART1_MspDeInit 1 */
 127:Src/usart.c   ****   }
 128:Src/usart.c   **** } 
 215              		.loc 1 128 0
 216 0028 EFE7     		b	.L16
 217              	.L21:
 218 002a 00BF     		.align	2
ARM GAS  /tmp/cc5KpMtr.s 			page 7


 219              	.L20:
 220 002c 00380140 		.word	1073821696
 221 0030 00100240 		.word	1073876992
 222              		.cfi_endproc
 223              	.LFE126:
 225              		.comm	huart1,112,4
 226              		.section	.rodata.MX_USART1_UART_Init.str1.4,"aMS",%progbits,1
 227              		.align	2
 228              	.LC0:
 229 0000 5372632F 		.ascii	"Src/usart.c\000"
 229      75736172 
 229      742E6300 
 230              		.text
 231              	.Letext0:
 232              		.file 2 "/home/venturus/gcc-arm-none-eabi-6-2017-q2-update/arm-none-eabi/include/machine/_default_
 233              		.file 3 "/home/venturus/gcc-arm-none-eabi-6-2017-q2-update/arm-none-eabi/include/sys/_stdint.h"
 234              		.file 4 "Drivers/CMSIS/Include/core_cm4.h"
 235              		.file 5 "Drivers/CMSIS/Device/ST/STM32F3xx/Include/system_stm32f3xx.h"
 236              		.file 6 "Drivers/CMSIS/Device/ST/STM32F3xx/Include/stm32f334x8.h"
 237              		.file 7 "/home/venturus/gcc-arm-none-eabi-6-2017-q2-update/arm-none-eabi/include/sys/lock.h"
 238              		.file 8 "/home/venturus/gcc-arm-none-eabi-6-2017-q2-update/arm-none-eabi/include/sys/_types.h"
 239              		.file 9 "/home/venturus/gcc-arm-none-eabi-6-2017-q2-update/lib/gcc/arm-none-eabi/6.3.1/include/std
 240              		.file 10 "/home/venturus/gcc-arm-none-eabi-6-2017-q2-update/arm-none-eabi/include/sys/reent.h"
 241              		.file 11 "Drivers/STM32F3xx_HAL_Driver/Inc/stm32f3xx_hal_def.h"
 242              		.file 12 "Drivers/STM32F3xx_HAL_Driver/Inc/stm32f3xx_hal_gpio.h"
 243              		.file 13 "Drivers/STM32F3xx_HAL_Driver/Inc/stm32f3xx_hal_dma.h"
 244              		.file 14 "Drivers/STM32F3xx_HAL_Driver/Inc/stm32f3xx_hal_uart.h"
 245              		.file 15 "Inc/usart.h"
 246              		.file 16 "Drivers/STM32F3xx_HAL_Driver/Inc/stm32f3xx_hal_cortex.h"
ARM GAS  /tmp/cc5KpMtr.s 			page 8


DEFINED SYMBOLS
                            *ABS*:0000000000000000 usart.c
     /tmp/cc5KpMtr.s:18     .text.MX_USART1_UART_Init:0000000000000000 $t
     /tmp/cc5KpMtr.s:25     .text.MX_USART1_UART_Init:0000000000000000 MX_USART1_UART_Init
     /tmp/cc5KpMtr.s:79     .text.MX_USART1_UART_Init:0000000000000034 $d
                            *COM*:0000000000000070 huart1
     /tmp/cc5KpMtr.s:86     .text.HAL_UART_MspInit:0000000000000000 $t
     /tmp/cc5KpMtr.s:93     .text.HAL_UART_MspInit:0000000000000000 HAL_UART_MspInit
     /tmp/cc5KpMtr.s:166    .text.HAL_UART_MspInit:000000000000005c $d
     /tmp/cc5KpMtr.s:171    .text.HAL_UART_MspDeInit:0000000000000000 $t
     /tmp/cc5KpMtr.s:178    .text.HAL_UART_MspDeInit:0000000000000000 HAL_UART_MspDeInit
     /tmp/cc5KpMtr.s:220    .text.HAL_UART_MspDeInit:000000000000002c $d
     /tmp/cc5KpMtr.s:227    .rodata.MX_USART1_UART_Init.str1.4:0000000000000000 $d
                     .debug_frame:0000000000000010 $d

UNDEFINED SYMBOLS
HAL_UART_Init
_Error_Handler
HAL_GPIO_Init
HAL_NVIC_SetPriority
HAL_NVIC_EnableIRQ
HAL_GPIO_DeInit
HAL_NVIC_DisableIRQ
